<?xml version="1.0" encoding="UTF-8"?>
<!-- Generated by org.testng.reporters.JUnitReportReporter -->
<testsuite hostname="DESKTOP-OTGNRE8" failures="0" tests="1" name="com.mohs10.scripts.HomeTest$JyotsnaConsultantScripts" time="0.016" errors="1" timestamp="2023-05-31T15:25:33 IST" skipped="0">
  <testcase classname="com.mohs10.scripts.HomeTest$JyotsnaConsultantScripts" name="Consultant" time="0.016">
    <error type="java.lang.StackOverflowError">
      <![CDATA[java.lang.StackOverflowError
at com.mohs10.scripts.HomeTest$JyotsnaConsultantScripts.Consultant(HomeTest.java:66)
at com.mohs10.scripts.HomeTest$JyotsnaConsultantScripts.Consultant(HomeTest.java:66)
at com.mohs10.scripts.HomeTest$JyotsnaConsultantScripts.Consultant(HomeTest.java:66)
at com.mohs10.scripts.HomeTest$JyotsnaConsultantScripts.Consultant(HomeTest.java:66)
at com.mohs10.scripts.HomeTest$JyotsnaConsultantScripts.Consultant(HomeTest.java:66)
at com.mohs10.scripts.HomeTest$JyotsnaConsultantScripts.Consultant(HomeTest.java:66)
at com.mohs10.scripts.HomeTest$JyotsnaConsultantScripts.Consultant(HomeTest.java:66)
at com.mohs10.scripts.HomeTest$JyotsnaConsultantScripts.Consultant(HomeTest.java:66)
at com.mohs10.scripts.HomeTest$JyotsnaConsultantScripts.Consultant(HomeTest.java:66)
at com.mohs10.scripts.HomeTest$JyotsnaConsultantScripts.Consultant(HomeTest.java:66)
at com.mohs10.scripts.HomeTest$JyotsnaConsultantScripts.Consultant(HomeTest.java:66)
at com.mohs10.scripts.HomeTest$JyotsnaConsultantScripts.Consultant(HomeTest.java:66)
at com.mohs10.scripts.HomeTest$JyotsnaConsultantScripts.Consultant(HomeTest.java:66)
at com.mohs10.scripts.HomeTest$JyotsnaConsultantScripts.Consultant(HomeTest.java:66)
at com.mohs10.scripts.HomeTest$JyotsnaConsultantScripts.Consultant(HomeTest.java:66)
at com.mohs10.scripts.HomeTest$JyotsnaConsultantScripts.Consultant(HomeTest.java:66)
at com.mohs10.scripts.HomeTest$JyotsnaConsultantScripts.Consultant(HomeTest.java:66)
at com.mohs10.scripts.HomeTest$JyotsnaConsultantScripts.Consultant(HomeTest.java:66)
at com.mohs10.scripts.HomeTest$JyotsnaConsultantScripts.Consultant(HomeTest.java:66)
at com.mohs10.scripts.HomeTest$JyotsnaConsultantScripts.Consultant(HomeTest.java:66)
at com.mohs10.scripts.HomeTest$JyotsnaConsultantScripts.Consultant(HomeTest.java:66)
at com.mohs10.scripts.HomeTest$JyotsnaConsultantScripts.Consultant(HomeTest.java:66)
at com.mohs10.scripts.HomeTest$JyotsnaConsultantScripts.Consultant(HomeTest.java:66)
at com.mohs10.scripts.HomeTest$JyotsnaConsultantScripts.Consultant(HomeTest.java:66)
at com.mohs10.scripts.HomeTest$JyotsnaConsultantScripts.Consultant(HomeTest.java:66)
at com.mohs10.scripts.HomeTest$JyotsnaConsultantScripts.Consultant(HomeTest.java:66)
at com.mohs10.scripts.HomeTest$JyotsnaConsultantScripts.Consultant(HomeTest.java:66)
at com.mohs10.scripts.HomeTest$JyotsnaConsultantScripts.Consultant(HomeTest.java:66)
at com.mohs10.scripts.HomeTest$JyotsnaConsultantScripts.Consultant(HomeTest.java:66)
at com.mohs10.scripts.HomeTest$JyotsnaConsultantScripts.Consultant(HomeTest.java:66)
at com.mohs10.scripts.HomeTest$JyotsnaConsultantScripts.Consultant(HomeTest.java:66)
at com.mohs10.scripts.HomeTest$JyotsnaConsultantScripts.Consultant(HomeTest.java:66)
at com.mohs10.scripts.HomeTest$JyotsnaConsultantScripts.Consultant(HomeTest.java:66)
at com.mohs10.scripts.HomeTest$JyotsnaConsultantScripts.Consultant(HomeTest.java:66)
at com.mohs10.scripts.HomeTest$JyotsnaConsultantScripts.Consultant(HomeTest.java:66)
at com.mohs10.scripts.HomeTest$JyotsnaConsultantScripts.Consultant(HomeTest.java:66)
at com.mohs10.scripts.HomeTest$JyotsnaConsultantScripts.Consultant(HomeTest.java:66)
at com.mohs10.scripts.HomeTest$JyotsnaConsultantScripts.Consultant(HomeTest.java:66)
at com.mohs10.scripts.HomeTest$JyotsnaConsultantScripts.Consultant(HomeTest.java:66)
at com.mohs10.scripts.HomeTest$JyotsnaConsultantScripts.Consultant(HomeTest.java:66)
at com.mohs10.scripts.HomeTest$JyotsnaConsultantScripts.Consultant(HomeTest.java:66)
at com.mohs10.scripts.HomeTest$JyotsnaConsultantScripts.Consultant(HomeTest.java:66)
at com.mohs10.scripts.HomeTest$JyotsnaConsultantScripts.Consultant(HomeTest.java:66)
at com.mohs10.scripts.HomeTest$JyotsnaConsultantScripts.Consultant(HomeTest.java:66)
at com.mohs10.scripts.HomeTest$JyotsnaConsultantScripts.Consultant(HomeTest.java:66)
at com.mohs10.scripts.HomeTest$JyotsnaConsultantScripts.Consultant(HomeTest.java:66)
at com.mohs10.scripts.HomeTest$JyotsnaConsultantScripts.Consultant(HomeTest.java:66)
at com.mohs10.scripts.HomeTest$JyotsnaConsultantScripts.Consultant(HomeTest.java:66)
at com.mohs10.scripts.HomeTest$JyotsnaConsultantScripts.Consultant(HomeTest.java:66)
at com.mohs10.scripts.HomeTest$JyotsnaConsultantScripts.Consultant(HomeTest.java:66)
at com.mohs10.scripts.HomeTest$JyotsnaConsultantScripts.Consultant(HomeTest.java:66)
at com.mohs10.scripts.HomeTest$JyotsnaConsultantScripts.Consultant(HomeTest.java:66)
at com.mohs10.scripts.HomeTest$JyotsnaConsultantScripts.Consultant(HomeTest.java:66)
at com.mohs10.scripts.HomeTest$JyotsnaConsultantScripts.Consultant(HomeTest.java:66)
at com.mohs10.scripts.HomeTest$JyotsnaConsultantScripts.Consultant(HomeTest.java:66)
at com.mohs10.scripts.HomeTest$JyotsnaConsultantScripts.Consultant(HomeTest.java:66)
at com.mohs10.scripts.HomeTest$JyotsnaConsultantScripts.Consultant(HomeTest.java:66)
at com.mohs10.scripts.HomeTest$JyotsnaConsultantScripts.Consultant(HomeTest.java:66)
at com.mohs10.scripts.HomeTest$JyotsnaConsultantScripts.Consultant(HomeTest.java:66)
at com.mohs10.scripts.HomeTest$JyotsnaConsultantScripts.Consultant(HomeTest.java:66)
at com.mohs10.scripts.HomeTest$JyotsnaConsultantScripts.Consultant(HomeTest.java:66)
at com.mohs10.scripts.HomeTest$JyotsnaConsultantScripts.Consultant(HomeTest.java:66)
at com.mohs10.scripts.HomeTest$JyotsnaConsultantScripts.Consultant(HomeTest.java:66)
at com.mohs10.scripts.HomeTest$JyotsnaConsultantScripts.Consultant(HomeTest.java:66)
at com.mohs10.scripts.HomeTest$JyotsnaConsultantScripts.Consultant(HomeTest.java:66)
at com.mohs10.scripts.HomeTest$JyotsnaConsultantScripts.Consultant(HomeTest.java:66)
at com.mohs10.scripts.HomeTest$JyotsnaConsultantScripts.Consultant(HomeTest.java:66)
at com.mohs10.scripts.HomeTest$JyotsnaConsultantScripts.Consultant(HomeTest.java:66)
at com.mohs10.scripts.HomeTest$JyotsnaConsultantScripts.Consultant(HomeTest.java:66)
at com.mohs10.scripts.HomeTest$JyotsnaConsultantScripts.Consultant(HomeTest.java:66)
at com.mohs10.scripts.HomeTest$JyotsnaConsultantScripts.Consultant(HomeTest.java:66)
at com.mohs10.scripts.HomeTest$JyotsnaConsultantScripts.Consultant(HomeTest.java:66)
at com.mohs10.scripts.HomeTest$JyotsnaConsultantScripts.Consultant(HomeTest.java:66)
at com.mohs10.scripts.HomeTest$JyotsnaConsultantScripts.Consultant(HomeTest.java:66)
at com.mohs10.scripts.HomeTest$JyotsnaConsultantScripts.Consultant(HomeTest.java:66)
at com.mohs10.scripts.HomeTest$JyotsnaConsultantScripts.Consultant(HomeTest.java:66)
at com.mohs10.scripts.HomeTest$JyotsnaConsultantScripts.Consultant(HomeTest.java:66)
at com.mohs10.scripts.HomeTest$JyotsnaConsultantScripts.Consultant(HomeTest.java:66)
at com.mohs10.scripts.HomeTest$JyotsnaConsultantScripts.Consultant(HomeTest.java:66)
at com.mohs10.scripts.HomeTest$JyotsnaConsultantScripts.Consultant(HomeTest.java:66)
at com.mohs10.scripts.HomeTest$JyotsnaConsultantScripts.Consultant(HomeTest.java:66)
at com.mohs10.scripts.HomeTest$JyotsnaConsultantScripts.Consultant(HomeTest.java:66)
at com.mohs10.scripts.HomeTest$JyotsnaConsultantScripts.Consultant(HomeTest.java:66)
at com.mohs10.scripts.HomeTest$JyotsnaConsultantScripts.Consultant(HomeTest.java:66)
at com.mohs10.scripts.HomeTest$JyotsnaConsultantScripts.Consultant(HomeTest.java:66)
at com.mohs10.scripts.HomeTest$JyotsnaConsultantScripts.Consultant(HomeTest.java:66)
at com.mohs10.scripts.HomeTest$JyotsnaConsultantScripts.Consultant(HomeTest.java:66)
at com.mohs10.scripts.HomeTest$JyotsnaConsultantScripts.Consultant(HomeTest.java:66)
at com.mohs10.scripts.HomeTest$JyotsnaConsultantScripts.Consultant(HomeTest.java:66)
at com.mohs10.scripts.HomeTest$JyotsnaConsultantScripts.Consultant(HomeTest.java:66)
at com.mohs10.scripts.HomeTest$JyotsnaConsultantScripts.Consultant(HomeTest.java:66)
at com.mohs10.scripts.HomeTest$JyotsnaConsultantScripts.Consultant(HomeTest.java:66)
at com.mohs10.scripts.HomeTest$JyotsnaConsultantScripts.Consultant(HomeTest.java:66)
at com.mohs10.scripts.HomeTest$JyotsnaConsultantScripts.Consultant(HomeTest.java:66)
at com.mohs10.scripts.HomeTest$JyotsnaConsultantScripts.Consultant(HomeTest.java:66)
at com.mohs10.scripts.HomeTest$JyotsnaConsultantScripts.Consultant(HomeTest.java:66)
at com.mohs10.scripts.HomeTest$JyotsnaConsultantScripts.Consultant(HomeTest.java:66)
at com.mohs10.scripts.HomeTest$JyotsnaConsultantScripts.Consultant(HomeTest.java:66)
at com.mohs10.scripts.HomeTest$JyotsnaConsultantScripts.Consultant(HomeTest.java:66)
at com.mohs10.scripts.HomeTest$JyotsnaConsultantScripts.Consultant(HomeTest.java:66)
at com.mohs10.scripts.HomeTest$JyotsnaConsultantScripts.Consultant(HomeTest.java:66)
at com.mohs10.scripts.HomeTest$JyotsnaConsultantScripts.Consultant(HomeTest.java:66)
at com.mohs10.scripts.HomeTest$JyotsnaConsultantScripts.Consultant(HomeTest.java:66)
at com.mohs10.scripts.HomeTest$JyotsnaConsultantScripts.Consultant(HomeTest.java:66)
at com.mohs10.scripts.HomeTest$JyotsnaConsultantScripts.Consultant(HomeTest.java:66)
at com.mohs10.scripts.HomeTest$JyotsnaConsultantScripts.Consultant(HomeTest.java:66)
at com.mohs10.scripts.HomeTest$JyotsnaConsultantScripts.Consultant(HomeTest.java:66)
at com.mohs10.scripts.HomeTest$JyotsnaConsultantScripts.Consultant(HomeTest.java:66)
at com.mohs10.scripts.HomeTest$JyotsnaConsultantScripts.Consultant(HomeTest.java:66)
at com.mohs10.scripts.HomeTest$JyotsnaConsultantScripts.Consultant(HomeTest.java:66)
at com.mohs10.scripts.HomeTest$JyotsnaConsultantScripts.Consultant(HomeTest.java:66)
at com.mohs10.scripts.HomeTest$JyotsnaConsultantScripts.Consultant(HomeTest.java:66)
at com.mohs10.scripts.HomeTest$JyotsnaConsultantScripts.Consultant(HomeTest.java:66)
at com.mohs10.scripts.HomeTest$JyotsnaConsultantScripts.Consultant(HomeTest.java:66)
at com.mohs10.scripts.HomeTest$JyotsnaConsultantScripts.Consultant(HomeTest.java:66)
at com.mohs10.scripts.HomeTest$JyotsnaConsultantScripts.Consultant(HomeTest.java:66)
at com.mohs10.scripts.HomeTest$JyotsnaConsultantScripts.Consultant(HomeTest.java:66)
at com.mohs10.scripts.HomeTest$JyotsnaConsultantScripts.Consultant(HomeTest.java:66)
at com.mohs10.scripts.HomeTest$JyotsnaConsultantScripts.Consultant(HomeTest.java:66)
at com.mohs10.scripts.HomeTest$JyotsnaConsultantScripts.Consultant(HomeTest.java:66)
at com.mohs10.scripts.HomeTest$JyotsnaConsultantScripts.Consultant(HomeTest.java:66)
at com.mohs10.scripts.HomeTest$JyotsnaConsultantScripts.Consultant(HomeTest.java:66)
at com.mohs10.scripts.HomeTest$JyotsnaConsultantScripts.Consultant(HomeTest.java:66)
at com.mohs10.scripts.HomeTest$JyotsnaConsultantScripts.Consultant(HomeTest.java:66)
at com.mohs10.scripts.HomeTest$JyotsnaConsultantScripts.Consultant(HomeTest.java:66)
at com.mohs10.scripts.HomeTest$JyotsnaConsultantScripts.Consultant(HomeTest.java:66)
at com.mohs10.scripts.HomeTest$JyotsnaConsultantScripts.Consultant(HomeTest.java:66)
at com.mohs10.scripts.HomeTest$JyotsnaConsultantScripts.Consultant(HomeTest.java:66)
at com.mohs10.scripts.HomeTest$JyotsnaConsultantScripts.Consultant(HomeTest.java:66)
at com.mohs10.scripts.HomeTest$JyotsnaConsultantScripts.Consultant(HomeTest.java:66)
at com.mohs10.scripts.HomeTest$JyotsnaConsultantScripts.Consultant(HomeTest.java:66)
at com.mohs10.scripts.HomeTest$JyotsnaConsultantScripts.Consultant(HomeTest.java:66)
at com.mohs10.scripts.HomeTest$JyotsnaConsultantScripts.Consultant(HomeTest.java:66)
at com.mohs10.scripts.HomeTest$JyotsnaConsultantScripts.Consultant(HomeTest.java:66)
at com.mohs10.scripts.HomeTest$JyotsnaConsultantScripts.Consultant(HomeTest.java:66)
at com.mohs10.scripts.HomeTest$JyotsnaConsultantScripts.Consultant(HomeTest.java:66)
at com.mohs10.scripts.HomeTest$JyotsnaConsultantScripts.Consultant(HomeTest.java:66)
at com.mohs10.scripts.HomeTest$JyotsnaConsultantScripts.Consultant(HomeTest.java:66)
at com.mohs10.scripts.HomeTest$JyotsnaConsultantScripts.Consultant(HomeTest.java:66)
at com.mohs10.scripts.HomeTest$JyotsnaConsultantScripts.Consultant(HomeTest.java:66)
at com.mohs10.scripts.HomeTest$JyotsnaConsultantScripts.Consultant(HomeTest.java:66)
at com.mohs10.scripts.HomeTest$JyotsnaConsultantScripts.Consultant(HomeTest.java:66)
at com.mohs10.scripts.HomeTest$JyotsnaConsultantScripts.Consultant(HomeTest.java:66)
at com.mohs10.scripts.HomeTest$JyotsnaConsultantScripts.Consultant(HomeTest.java:66)
at com.mohs10.scripts.HomeTest$JyotsnaConsultantScripts.Consultant(HomeTest.java:66)
at com.mohs10.scripts.HomeTest$JyotsnaConsultantScripts.Consultant(HomeTest.java:66)
at com.mohs10.scripts.HomeTest$JyotsnaConsultantScripts.Consultant(HomeTest.java:66)
at com.mohs10.scripts.HomeTest$JyotsnaConsultantScripts.Consultant(HomeTest.java:66)
at com.mohs10.scripts.HomeTest$JyotsnaConsultantScripts.Consultant(HomeTest.java:66)
at com.mohs10.scripts.HomeTest$JyotsnaConsultantScripts.Consultant(HomeTest.java:66)
at com.mohs10.scripts.HomeTest$JyotsnaConsultantScripts.Consultant(HomeTest.java:66)
at com.mohs10.scripts.HomeTest$JyotsnaConsultantScripts.Consultant(HomeTest.java:66)
at com.mohs10.scripts.HomeTest$JyotsnaConsultantScripts.Consultant(HomeTest.java:66)
at com.mohs10.scripts.HomeTest$JyotsnaConsultantScripts.Consultant(HomeTest.java:66)
at com.mohs10.scripts.HomeTest$JyotsnaConsultantScripts.Consultant(HomeTest.java:66)
at com.mohs10.scripts.HomeTest$JyotsnaConsultantScripts.Consultant(HomeTest.java:66)
at com.mohs10.scripts.HomeTest$JyotsnaConsultantScripts.Consultant(HomeTest.java:66)
at com.mohs10.scripts.HomeTest$JyotsnaConsultantScripts.Consultant(HomeTest.java:66)
at com.mohs10.scripts.HomeTest$JyotsnaConsultantScripts.Consultant(HomeTest.java:66)
at com.mohs10.scripts.HomeTest$JyotsnaConsultantScripts.Consultant(HomeTest.java:66)
at com.mohs10.scripts.HomeTest$JyotsnaConsultantScripts.Consultant(HomeTest.java:66)
at com.mohs10.scripts.HomeTest$JyotsnaConsultantScripts.Consultant(HomeTest.java:66)
at com.mohs10.scripts.HomeTest$JyotsnaConsultantScripts.Consultant(HomeTest.java:66)
at com.mohs10.scripts.HomeTest$JyotsnaConsultantScripts.Consultant(HomeTest.java:66)
at com.mohs10.scripts.HomeTest$JyotsnaConsultantScripts.Consultant(HomeTest.java:66)
at com.mohs10.scripts.HomeTest$JyotsnaConsultantScripts.Consultant(HomeTest.java:66)
at com.mohs10.scripts.HomeTest$JyotsnaConsultantScripts.Consultant(HomeTest.java:66)
at com.mohs10.scripts.HomeTest$JyotsnaConsultantScripts.Consultant(HomeTest.java:66)
at com.mohs10.scripts.HomeTest$JyotsnaConsultantScripts.Consultant(HomeTest.java:66)
at com.mohs10.scripts.HomeTest$JyotsnaConsultantScripts.Consultant(HomeTest.java:66)
at com.mohs10.scripts.HomeTest$JyotsnaConsultantScripts.Consultant(HomeTest.java:66)
at com.mohs10.scripts.HomeTest$JyotsnaConsultantScripts.Consultant(HomeTest.java:66)
at com.mohs10.scripts.HomeTest$JyotsnaConsultantScripts.Consultant(HomeTest.java:66)
at com.mohs10.scripts.HomeTest$JyotsnaConsultantScripts.Consultant(HomeTest.java:66)
at com.mohs10.scripts.HomeTest$JyotsnaConsultantScripts.Consultant(HomeTest.java:66)
at com.mohs10.scripts.HomeTest$JyotsnaConsultantScripts.Consultant(HomeTest.java:66)
at com.mohs10.scripts.HomeTest$JyotsnaConsultantScripts.Consultant(HomeTest.java:66)
at com.mohs10.scripts.HomeTest$JyotsnaConsultantScripts.Consultant(HomeTest.java:66)
at com.mohs10.scripts.HomeTest$JyotsnaConsultantScripts.Consultant(HomeTest.java:66)
at com.mohs10.scripts.HomeTest$JyotsnaConsultantScripts.Consultant(HomeTest.java:66)
at com.mohs10.scripts.HomeTest$JyotsnaConsultantScripts.Consultant(HomeTest.java:66)
at com.mohs10.scripts.HomeTest$JyotsnaConsultantScripts.Consultant(HomeTest.java:66)
at com.mohs10.scripts.HomeTest$JyotsnaConsultantScripts.Consultant(HomeTest.java:66)
at com.mohs10.scripts.HomeTest$JyotsnaConsultantScripts.Consultant(HomeTest.java:66)
at com.mohs10.scripts.HomeTest$JyotsnaConsultantScripts.Consultant(HomeTest.java:66)
at com.mohs10.scripts.HomeTest$JyotsnaConsultantScripts.Consultant(HomeTest.java:66)
at com.mohs10.scripts.HomeTest$JyotsnaConsultantScripts.Consultant(HomeTest.java:66)
at com.mohs10.scripts.HomeTest$JyotsnaConsultantScripts.Consultant(HomeTest.java:66)
at com.mohs10.scripts.HomeTest$JyotsnaConsultantScripts.Consultant(HomeTest.java:66)
at com.mohs10.scripts.HomeTest$JyotsnaConsultantScripts.Consultant(HomeTest.java:66)
at com.mohs10.scripts.HomeTest$JyotsnaConsultantScripts.Consultant(HomeTest.java:66)
at com.mohs10.scripts.HomeTest$JyotsnaConsultantScripts.Consultant(HomeTest.java:66)
at com.mohs10.scripts.HomeTest$JyotsnaConsultantScripts.Consultant(HomeTest.java:66)
at com.mohs10.scripts.HomeTest$JyotsnaConsultantScripts.Consultant(HomeTest.java:66)
at com.mohs10.scripts.HomeTest$JyotsnaConsultantScripts.Consultant(HomeTest.java:66)
at com.mohs10.scripts.HomeTest$JyotsnaConsultantScripts.Consultant(HomeTest.java:66)
at com.mohs10.scripts.HomeTest$JyotsnaConsultantScripts.Consultant(HomeTest.java:66)
at com.mohs10.scripts.HomeTest$JyotsnaConsultantScripts.Consultant(HomeTest.java:66)
at com.mohs10.scripts.HomeTest$JyotsnaConsultantScripts.Consultant(HomeTest.java:66)
at com.mohs10.scripts.HomeTest$JyotsnaConsultantScripts.Consultant(HomeTest.java:66)
at com.mohs10.scripts.HomeTest$JyotsnaConsultantScripts.Consultant(HomeTest.java:66)
at com.mohs10.scripts.HomeTest$JyotsnaConsultantScripts.Consultant(HomeTest.java:66)
at com.mohs10.scripts.HomeTest$JyotsnaConsultantScripts.Consultant(HomeTest.java:66)
at com.mohs10.scripts.HomeTest$JyotsnaConsultantScripts.Consultant(HomeTest.java:66)
at com.mohs10.scripts.HomeTest$JyotsnaConsultantScripts.Consultant(HomeTest.java:66)
at com.mohs10.scripts.HomeTest$JyotsnaConsultantScripts.Consultant(HomeTest.java:66)
at com.mohs10.scripts.HomeTest$JyotsnaConsultantScripts.Consultant(HomeTest.java:66)
at com.mohs10.scripts.HomeTest$JyotsnaConsultantScripts.Consultant(HomeTest.java:66)
at com.mohs10.scripts.HomeTest$JyotsnaConsultantScripts.Consultant(HomeTest.java:66)
at com.mohs10.scripts.HomeTest$JyotsnaConsultantScripts.Consultant(HomeTest.java:66)
at com.mohs10.scripts.HomeTest$JyotsnaConsultantScripts.Consultant(HomeTest.java:66)
at com.mohs10.scripts.HomeTest$JyotsnaConsultantScripts.Consultant(HomeTest.java:66)
at com.mohs10.scripts.HomeTest$JyotsnaConsultantScripts.Consultant(HomeTest.java:66)
at com.mohs10.scripts.HomeTest$JyotsnaConsultantScripts.Consultant(HomeTest.java:66)
at com.mohs10.scripts.HomeTest$JyotsnaConsultantScripts.Consultant(HomeTest.java:66)
at com.mohs10.scripts.HomeTest$JyotsnaConsultantScripts.Consultant(HomeTest.java:66)
at com.mohs10.scripts.HomeTest$JyotsnaConsultantScripts.Consultant(HomeTest.java:66)
at com.mohs10.scripts.HomeTest$JyotsnaConsultantScripts.Consultant(HomeTest.java:66)
at com.mohs10.scripts.HomeTest$JyotsnaConsultantScripts.Consultant(HomeTest.java:66)
at com.mohs10.scripts.HomeTest$JyotsnaConsultantScripts.Consultant(HomeTest.java:66)
at com.mohs10.scripts.HomeTest$JyotsnaConsultantScripts.Consultant(HomeTest.java:66)
at com.mohs10.scripts.HomeTest$JyotsnaConsultantScripts.Consultant(HomeTest.java:66)
at com.mohs10.scripts.HomeTest$JyotsnaConsultantScripts.Consultant(HomeTest.java:66)
at com.mohs10.scripts.HomeTest$JyotsnaConsultantScripts.Consultant(HomeTest.java:66)
at com.mohs10.scripts.HomeTest$JyotsnaConsultantScripts.Consultant(HomeTest.java:66)
at com.mohs10.scripts.HomeTest$JyotsnaConsultantScripts.Consultant(HomeTest.java:66)
at com.mohs10.scripts.HomeTest$JyotsnaConsultantScripts.Consultant(HomeTest.java:66)
at com.mohs10.scripts.HomeTest$JyotsnaConsultantScripts.Consultant(HomeTest.java:66)
at com.mohs10.scripts.HomeTest$JyotsnaConsultantScripts.Consultant(HomeTest.java:66)
at com.mohs10.scripts.HomeTest$JyotsnaConsultantScripts.Consultant(HomeTest.java:66)
at com.mohs10.scripts.HomeTest$JyotsnaConsultantScripts.Consultant(HomeTest.java:66)
at com.mohs10.scripts.HomeTest$JyotsnaConsultantScripts.Consultant(HomeTest.java:66)
at com.mohs10.scripts.HomeTest$JyotsnaConsultantScripts.Consultant(HomeTest.java:66)
at com.mohs10.scripts.HomeTest$JyotsnaConsultantScripts.Consultant(HomeTest.java:66)
at com.mohs10.scripts.HomeTest$JyotsnaConsultantScripts.Consultant(HomeTest.java:66)
at com.mohs10.scripts.HomeTest$JyotsnaConsultantScripts.Consultant(HomeTest.java:66)
at com.mohs10.scripts.HomeTest$JyotsnaConsultantScripts.Consultant(HomeTest.java:66)
at com.mohs10.scripts.HomeTest$JyotsnaConsultantScripts.Consultant(HomeTest.java:66)
at com.mohs10.scripts.HomeTest$JyotsnaConsultantScripts.Consultant(HomeTest.java:66)
at com.mohs10.scripts.HomeTest$JyotsnaConsultantScripts.Consultant(HomeTest.java:66)
at com.mohs10.scripts.HomeTest$JyotsnaConsultantScripts.Consultant(HomeTest.java:66)
at com.mohs10.scripts.HomeTest$JyotsnaConsultantScripts.Consultant(HomeTest.java:66)
at com.mohs10.scripts.HomeTest$JyotsnaConsultantScripts.Consultant(HomeTest.java:66)
at com.mohs10.scripts.HomeTest$JyotsnaConsultantScripts.Consultant(HomeTest.java:66)
at com.mohs10.scripts.HomeTest$JyotsnaConsultantScripts.Consultant(HomeTest.java:66)
at com.mohs10.scripts.HomeTest$JyotsnaConsultantScripts.Consultant(HomeTest.java:66)
at com.mohs10.scripts.HomeTest$JyotsnaConsultantScripts.Consultant(HomeTest.java:66)
at com.mohs10.scripts.HomeTest$JyotsnaConsultantScripts.Consultant(HomeTest.java:66)
at com.mohs10.scripts.HomeTest$JyotsnaConsultantScripts.Consultant(HomeTest.java:66)
at com.mohs10.scripts.HomeTest$JyotsnaConsultantScripts.Consultant(HomeTest.java:66)
at com.mohs10.scripts.HomeTest$JyotsnaConsultantScripts.Consultant(HomeTest.java:66)
at com.mohs10.scripts.HomeTest$JyotsnaConsultantScripts.Consultant(HomeTest.java:66)
at com.mohs10.scripts.HomeTest$JyotsnaConsultantScripts.Consultant(HomeTest.java:66)
at com.mohs10.scripts.HomeTest$JyotsnaConsultantScripts.Consultant(HomeTest.java:66)
at com.mohs10.scripts.HomeTest$JyotsnaConsultantScripts.Consultant(HomeTest.java:66)
at com.mohs10.scripts.HomeTest$JyotsnaConsultantScripts.Consultant(HomeTest.java:66)
at com.mohs10.scripts.HomeTest$JyotsnaConsultantScripts.Consultant(HomeTest.java:66)
at com.mohs10.scripts.HomeTest$JyotsnaConsultantScripts.Consultant(HomeTest.java:66)
at com.mohs10.scripts.HomeTest$JyotsnaConsultantScripts.Consultant(HomeTest.java:66)
at com.mohs10.scripts.HomeTest$JyotsnaConsultantScripts.Consultant(HomeTest.java:66)
at com.mohs10.scripts.HomeTest$JyotsnaConsultantScripts.Consultant(HomeTest.java:66)
at com.mohs10.scripts.HomeTest$JyotsnaConsultantScripts.Consultant(HomeTest.java:66)
at com.mohs10.scripts.HomeTest$JyotsnaConsultantScripts.Consultant(HomeTest.java:66)
at com.mohs10.scripts.HomeTest$JyotsnaConsultantScripts.Consultant(HomeTest.java:66)
at com.mohs10.scripts.HomeTest$JyotsnaConsultantScripts.Consultant(HomeTest.java:66)
at com.mohs10.scripts.HomeTest$JyotsnaConsultantScripts.Consultant(HomeTest.java:66)
at com.mohs10.scripts.HomeTest$JyotsnaConsultantScripts.Consultant(HomeTest.java:66)
at com.mohs10.scripts.HomeTest$JyotsnaConsultantScripts.Consultant(HomeTest.java:66)
at com.mohs10.scripts.HomeTest$JyotsnaConsultantScripts.Consultant(HomeTest.java:66)
at com.mohs10.scripts.HomeTest$JyotsnaConsultantScripts.Consultant(HomeTest.java:66)
at com.mohs10.scripts.HomeTest$JyotsnaConsultantScripts.Consultant(HomeTest.java:66)
at com.mohs10.scripts.HomeTest$JyotsnaConsultantScripts.Consultant(HomeTest.java:66)
at com.mohs10.scripts.HomeTest$JyotsnaConsultantScripts.Consultant(HomeTest.java:66)
at com.mohs10.scripts.HomeTest$JyotsnaConsultantScripts.Consultant(HomeTest.java:66)
at com.mohs10.scripts.HomeTest$JyotsnaConsultantScripts.Consultant(HomeTest.java:66)
at com.mohs10.scripts.HomeTest$JyotsnaConsultantScripts.Consultant(HomeTest.java:66)
at com.mohs10.scripts.HomeTest$JyotsnaConsultantScripts.Consultant(HomeTest.java:66)
at com.mohs10.scripts.HomeTest$JyotsnaConsultantScripts.Consultant(HomeTest.java:66)
at com.mohs10.scripts.HomeTest$JyotsnaConsultantScripts.Consultant(HomeTest.java:66)
at com.mohs10.scripts.HomeTest$JyotsnaConsultantScripts.Consultant(HomeTest.java:66)
at com.mohs10.scripts.HomeTest$JyotsnaConsultantScripts.Consultant(HomeTest.java:66)
at com.mohs10.scripts.HomeTest$JyotsnaConsultantScripts.Consultant(HomeTest.java:66)
at com.mohs10.scripts.HomeTest$JyotsnaConsultantScripts.Consultant(HomeTest.java:66)
at com.mohs10.scripts.HomeTest$JyotsnaConsultantScripts.Consultant(HomeTest.java:66)
at com.mohs10.scripts.HomeTest$JyotsnaConsultantScripts.Consultant(HomeTest.java:66)
at com.mohs10.scripts.HomeTest$JyotsnaConsultantScripts.Consultant(HomeTest.java:66)
at com.mohs10.scripts.HomeTest$JyotsnaConsultantScripts.Consultant(HomeTest.java:66)
at com.mohs10.scripts.HomeTest$JyotsnaConsultantScripts.Consultant(HomeTest.java:66)
at com.mohs10.scripts.HomeTest$JyotsnaConsultantScripts.Consultant(HomeTest.java:66)
at com.mohs10.scripts.HomeTest$JyotsnaConsultantScripts.Consultant(HomeTest.java:66)
at com.mohs10.scripts.HomeTest$JyotsnaConsultantScripts.Consultant(HomeTest.java:66)
at com.mohs10.scripts.HomeTest$JyotsnaConsultantScripts.Consultant(HomeTest.java:66)
at com.mohs10.scripts.HomeTest$JyotsnaConsultantScripts.Consultant(HomeTest.java:66)
at com.mohs10.scripts.HomeTest$JyotsnaConsultantScripts.Consultant(HomeTest.java:66)
at com.mohs10.scripts.HomeTest$JyotsnaConsultantScripts.Consultant(HomeTest.java:66)
at com.mohs10.scripts.HomeTest$JyotsnaConsultantScripts.Consultant(HomeTest.java:66)
at com.mohs10.scripts.HomeTest$JyotsnaConsultantScripts.Consultant(HomeTest.java:66)
at com.mohs10.scripts.HomeTest$JyotsnaConsultantScripts.Consultant(HomeTest.java:66)
at com.mohs10.scripts.HomeTest$JyotsnaConsultantScripts.Consultant(HomeTest.java:66)
at com.mohs10.scripts.HomeTest$JyotsnaConsultantScripts.Consultant(HomeTest.java:66)
at com.mohs10.scripts.HomeTest$JyotsnaConsultantScripts.Consultant(HomeTest.java:66)
at com.mohs10.scripts.HomeTest$JyotsnaConsultantScripts.Consultant(HomeTest.java:66)
at com.mohs10.scripts.HomeTest$JyotsnaConsultantScripts.Consultant(HomeTest.java:66)
at com.mohs10.scripts.HomeTest$JyotsnaConsultantScripts.Consultant(HomeTest.java:66)
at com.mohs10.scripts.HomeTest$JyotsnaConsultantScripts.Consultant(HomeTest.java:66)
at com.mohs10.scripts.HomeTest$JyotsnaConsultantScripts.Consultant(HomeTest.java:66)
at com.mohs10.scripts.HomeTest$JyotsnaConsultantScripts.Consultant(HomeTest.java:66)
at com.mohs10.scripts.HomeTest$JyotsnaConsultantScripts.Consultant(HomeTest.java:66)
at com.mohs10.scripts.HomeTest$JyotsnaConsultantScripts.Consultant(HomeTest.java:66)
at com.mohs10.scripts.HomeTest$JyotsnaConsultantScripts.Consultant(HomeTest.java:66)
at com.mohs10.scripts.HomeTest$JyotsnaConsultantScripts.Consultant(HomeTest.java:66)
at com.mohs10.scripts.HomeTest$JyotsnaConsultantScripts.Consultant(HomeTest.java:66)
at com.mohs10.scripts.HomeTest$JyotsnaConsultantScripts.Consultant(HomeTest.java:66)
at com.mohs10.scripts.HomeTest$JyotsnaConsultantScripts.Consultant(HomeTest.java:66)
at com.mohs10.scripts.HomeTest$JyotsnaConsultantScripts.Consultant(HomeTest.java:66)
at com.mohs10.scripts.HomeTest$JyotsnaConsultantScripts.Consultant(HomeTest.java:66)
at com.mohs10.scripts.HomeTest$JyotsnaConsultantScripts.Consultant(HomeTest.java:66)
at com.mohs10.scripts.HomeTest$JyotsnaConsultantScripts.Consultant(HomeTest.java:66)
at com.mohs10.scripts.HomeTest$JyotsnaConsultantScripts.Consultant(HomeTest.java:66)
at com.mohs10.scripts.HomeTest$JyotsnaConsultantScripts.Consultant(HomeTest.java:66)
at com.mohs10.scripts.HomeTest$JyotsnaConsultantScripts.Consultant(HomeTest.java:66)
at com.mohs10.scripts.HomeTest$JyotsnaConsultantScripts.Consultant(HomeTest.java:66)
at com.mohs10.scripts.HomeTest$JyotsnaConsultantScripts.Consultant(HomeTest.java:66)
at com.mohs10.scripts.HomeTest$JyotsnaConsultantScripts.Consultant(HomeTest.java:66)
at com.mohs10.scripts.HomeTest$JyotsnaConsultantScripts.Consultant(HomeTest.java:66)
at com.mohs10.scripts.HomeTest$JyotsnaConsultantScripts.Consultant(HomeTest.java:66)
at com.mohs10.scripts.HomeTest$JyotsnaConsultantScripts.Consultant(HomeTest.java:66)
at com.mohs10.scripts.HomeTest$JyotsnaConsultantScripts.Consultant(HomeTest.java:66)
at com.mohs10.scripts.HomeTest$JyotsnaConsultantScripts.Consultant(HomeTest.java:66)
at com.mohs10.scripts.HomeTest$JyotsnaConsultantScripts.Consultant(HomeTest.java:66)
at com.mohs10.scripts.HomeTest$JyotsnaConsultantScripts.Consultant(HomeTest.java:66)
at com.mohs10.scripts.HomeTest$JyotsnaConsultantScripts.Consultant(HomeTest.java:66)
at com.mohs10.scripts.HomeTest$JyotsnaConsultantScripts.Consultant(HomeTest.java:66)
at com.mohs10.scripts.HomeTest$JyotsnaConsultantScripts.Consultant(HomeTest.java:66)
at com.mohs10.scripts.HomeTest$JyotsnaConsultantScripts.Consultant(HomeTest.java:66)
at com.mohs10.scripts.HomeTest$JyotsnaConsultantScripts.Consultant(HomeTest.java:66)
at com.mohs10.scripts.HomeTest$JyotsnaConsultantScripts.Consultant(HomeTest.java:66)
at com.mohs10.scripts.HomeTest$JyotsnaConsultantScripts.Consultant(HomeTest.java:66)
at com.mohs10.scripts.HomeTest$JyotsnaConsultantScripts.Consultant(HomeTest.java:66)
at com.mohs10.scripts.HomeTest$JyotsnaConsultantScripts.Consultant(HomeTest.java:66)
at com.mohs10.scripts.HomeTest$JyotsnaConsultantScripts.Consultant(HomeTest.java:66)
at com.mohs10.scripts.HomeTest$JyotsnaConsultantScripts.Consultant(HomeTest.java:66)
at com.mohs10.scripts.HomeTest$JyotsnaConsultantScripts.Consultant(HomeTest.java:66)
at com.mohs10.scripts.HomeTest$JyotsnaConsultantScripts.Consultant(HomeTest.java:66)
at com.mohs10.scripts.HomeTest$JyotsnaConsultantScripts.Consultant(HomeTest.java:66)
at com.mohs10.scripts.HomeTest$JyotsnaConsultantScripts.Consultant(HomeTest.java:66)
at com.mohs10.scripts.HomeTest$JyotsnaConsultantScripts.Consultant(HomeTest.java:66)
at com.mohs10.scripts.HomeTest$JyotsnaConsultantScripts.Consultant(HomeTest.java:66)
at com.mohs10.scripts.HomeTest$JyotsnaConsultantScripts.Consultant(HomeTest.java:66)
at com.mohs10.scripts.HomeTest$JyotsnaConsultantScripts.Consultant(HomeTest.java:66)
at com.mohs10.scripts.HomeTest$JyotsnaConsultantScripts.Consultant(HomeTest.java:66)
at com.mohs10.scripts.HomeTest$JyotsnaConsultantScripts.Consultant(HomeTest.java:66)
at com.mohs10.scripts.HomeTest$JyotsnaConsultantScripts.Consultant(HomeTest.java:66)
at com.mohs10.scripts.HomeTest$JyotsnaConsultantScripts.Consultant(HomeTest.java:66)
at com.mohs10.scripts.HomeTest$JyotsnaConsultantScripts.Consultant(HomeTest.java:66)
at com.mohs10.scripts.HomeTest$JyotsnaConsultantScripts.Consultant(HomeTest.java:66)
at com.mohs10.scripts.HomeTest$JyotsnaConsultantScripts.Consultant(HomeTest.java:66)
at com.mohs10.scripts.HomeTest$JyotsnaConsultantScripts.Consultant(HomeTest.java:66)
at com.mohs10.scripts.HomeTest$JyotsnaConsultantScripts.Consultant(HomeTest.java:66)
at com.mohs10.scripts.HomeTest$JyotsnaConsultantScripts.Consultant(HomeTest.java:66)
at com.mohs10.scripts.HomeTest$JyotsnaConsultantScripts.Consultant(HomeTest.java:66)
at com.mohs10.scripts.HomeTest$JyotsnaConsultantScripts.Consultant(HomeTest.java:66)
at com.mohs10.scripts.HomeTest$JyotsnaConsultantScripts.Consultant(HomeTest.java:66)
at com.mohs10.scripts.HomeTest$JyotsnaConsultantScripts.Consultant(HomeTest.java:66)
at com.mohs10.scripts.HomeTest$JyotsnaConsultantScripts.Consultant(HomeTest.java:66)
at com.mohs10.scripts.HomeTest$JyotsnaConsultantScripts.Consultant(HomeTest.java:66)
at com.mohs10.scripts.HomeTest$JyotsnaConsultantScripts.Consultant(HomeTest.java:66)
at com.mohs10.scripts.HomeTest$JyotsnaConsultantScripts.Consultant(HomeTest.java:66)
at com.mohs10.scripts.HomeTest$JyotsnaConsultantScripts.Consultant(HomeTest.java:66)
at com.mohs10.scripts.HomeTest$JyotsnaConsultantScripts.Consultant(HomeTest.java:66)
at com.mohs10.scripts.HomeTest$JyotsnaConsultantScripts.Consultant(HomeTest.java:66)
at com.mohs10.scripts.HomeTest$JyotsnaConsultantScripts.Consultant(HomeTest.java:66)
at com.mohs10.scripts.HomeTest$JyotsnaConsultantScripts.Consultant(HomeTest.java:66)
at com.mohs10.scripts.HomeTest$JyotsnaConsultantScripts.Consultant(HomeTest.java:66)
at com.mohs10.scripts.HomeTest$JyotsnaConsultantScripts.Consultant(HomeTest.java:66)
at com.mohs10.scripts.HomeTest$JyotsnaConsultantScripts.Consultant(HomeTest.java:66)
at com.mohs10.scripts.HomeTest$JyotsnaConsultantScripts.Consultant(HomeTest.java:66)
at com.mohs10.scripts.HomeTest$JyotsnaConsultantScripts.Consultant(HomeTest.java:66)
at com.mohs10.scripts.HomeTest$JyotsnaConsultantScripts.Consultant(HomeTest.java:66)
at com.mohs10.scripts.HomeTest$JyotsnaConsultantScripts.Consultant(HomeTest.java:66)
at com.mohs10.scripts.HomeTest$JyotsnaConsultantScripts.Consultant(HomeTest.java:66)
at com.mohs10.scripts.HomeTest$JyotsnaConsultantScripts.Consultant(HomeTest.java:66)
at com.mohs10.scripts.HomeTest$JyotsnaConsultantScripts.Consultant(HomeTest.java:66)
at com.mohs10.scripts.HomeTest$JyotsnaConsultantScripts.Consultant(HomeTest.java:66)
at com.mohs10.scripts.HomeTest$JyotsnaConsultantScripts.Consultant(HomeTest.java:66)
at com.mohs10.scripts.HomeTest$JyotsnaConsultantScripts.Consultant(HomeTest.java:66)
at com.mohs10.scripts.HomeTest$JyotsnaConsultantScripts.Consultant(HomeTest.java:66)
at com.mohs10.scripts.HomeTest$JyotsnaConsultantScripts.Consultant(HomeTest.java:66)
at com.mohs10.scripts.HomeTest$JyotsnaConsultantScripts.Consultant(HomeTest.java:66)
at com.mohs10.scripts.HomeTest$JyotsnaConsultantScripts.Consultant(HomeTest.java:66)
at com.mohs10.scripts.HomeTest$JyotsnaConsultantScripts.Consultant(HomeTest.java:66)
at com.mohs10.scripts.HomeTest$JyotsnaConsultantScripts.Consultant(HomeTest.java:66)
at com.mohs10.scripts.HomeTest$JyotsnaConsultantScripts.Consultant(HomeTest.java:66)
at com.mohs10.scripts.HomeTest$JyotsnaConsultantScripts.Consultant(HomeTest.java:66)
at com.mohs10.scripts.HomeTest$JyotsnaConsultantScripts.Consultant(HomeTest.java:66)
at com.mohs10.scripts.HomeTest$JyotsnaConsultantScripts.Consultant(HomeTest.java:66)
at com.mohs10.scripts.HomeTest$JyotsnaConsultantScripts.Consultant(HomeTest.java:66)
at com.mohs10.scripts.HomeTest$JyotsnaConsultantScripts.Consultant(HomeTest.java:66)
at com.mohs10.scripts.HomeTest$JyotsnaConsultantScripts.Consultant(HomeTest.java:66)
at com.mohs10.scripts.HomeTest$JyotsnaConsultantScripts.Consultant(HomeTest.java:66)
at com.mohs10.scripts.HomeTest$JyotsnaConsultantScripts.Consultant(HomeTest.java:66)
at com.mohs10.scripts.HomeTest$JyotsnaConsultantScripts.Consultant(HomeTest.java:66)
at com.mohs10.scripts.HomeTest$JyotsnaConsultantScripts.Consultant(HomeTest.java:66)
at com.mohs10.scripts.HomeTest$JyotsnaConsultantScripts.Consultant(HomeTest.java:66)
at com.mohs10.scripts.HomeTest$JyotsnaConsultantScripts.Consultant(HomeTest.java:66)
at com.mohs10.scripts.HomeTest$JyotsnaConsultantScripts.Consultant(HomeTest.java:66)
at com.mohs10.scripts.HomeTest$JyotsnaConsultantScripts.Consultant(HomeTest.java:66)
at com.mohs10.scripts.HomeTest$JyotsnaConsultantScripts.Consultant(HomeTest.java:66)
at com.mohs10.scripts.HomeTest$JyotsnaConsultantScripts.Consultant(HomeTest.java:66)
at com.mohs10.scripts.HomeTest$JyotsnaConsultantScripts.Consultant(HomeTest.java:66)
at com.mohs10.scripts.HomeTest$JyotsnaConsultantScripts.Consultant(HomeTest.java:66)
at com.mohs10.scripts.HomeTest$JyotsnaConsultantScripts.Consultant(HomeTest.java:66)
at com.mohs10.scripts.HomeTest$JyotsnaConsultantScripts.Consultant(HomeTest.java:66)
at com.mohs10.scripts.HomeTest$JyotsnaConsultantScripts.Consultant(HomeTest.java:66)
at com.mohs10.scripts.HomeTest$JyotsnaConsultantScripts.Consultant(HomeTest.java:66)
at com.mohs10.scripts.HomeTest$JyotsnaConsultantScripts.Consultant(HomeTest.java:66)
at com.mohs10.scripts.HomeTest$JyotsnaConsultantScripts.Consultant(HomeTest.java:66)
at com.mohs10.scripts.HomeTest$JyotsnaConsultantScripts.Consultant(HomeTest.java:66)
at com.mohs10.scripts.HomeTest$JyotsnaConsultantScripts.Consultant(HomeTest.java:66)
at com.mohs10.scripts.HomeTest$JyotsnaConsultantScripts.Consultant(HomeTest.java:66)
at com.mohs10.scripts.HomeTest$JyotsnaConsultantScripts.Consultant(HomeTest.java:66)
at com.mohs10.scripts.HomeTest$JyotsnaConsultantScripts.Consultant(HomeTest.java:66)
at com.mohs10.scripts.HomeTest$JyotsnaConsultantScripts.Consultant(HomeTest.java:66)
at com.mohs10.scripts.HomeTest$JyotsnaConsultantScripts.Consultant(HomeTest.java:66)
at com.mohs10.scripts.HomeTest$JyotsnaConsultantScripts.Consultant(HomeTest.java:66)
at com.mohs10.scripts.HomeTest$JyotsnaConsultantScripts.Consultant(HomeTest.java:66)
at com.mohs10.scripts.HomeTest$JyotsnaConsultantScripts.Consultant(HomeTest.java:66)
at com.mohs10.scripts.HomeTest$JyotsnaConsultantScripts.Consultant(HomeTest.java:66)
at com.mohs10.scripts.HomeTest$JyotsnaConsultantScripts.Consultant(HomeTest.java:66)
at com.mohs10.scripts.HomeTest$JyotsnaConsultantScripts.Consultant(HomeTest.java:66)
at com.mohs10.scripts.HomeTest$JyotsnaConsultantScripts.Consultant(HomeTest.java:66)
at com.mohs10.scripts.HomeTest$JyotsnaConsultantScripts.Consultant(HomeTest.java:66)
at com.mohs10.scripts.HomeTest$JyotsnaConsultantScripts.Consultant(HomeTest.java:66)
at com.mohs10.scripts.HomeTest$JyotsnaConsultantScripts.Consultant(HomeTest.java:66)
at com.mohs10.scripts.HomeTest$JyotsnaConsultantScripts.Consultant(HomeTest.java:66)
at com.mohs10.scripts.HomeTest$JyotsnaConsultantScripts.Consultant(HomeTest.java:66)
at com.mohs10.scripts.HomeTest$JyotsnaConsultantScripts.Consultant(HomeTest.java:66)
at com.mohs10.scripts.HomeTest$JyotsnaConsultantScripts.Consultant(HomeTest.java:66)
at com.mohs10.scripts.HomeTest$JyotsnaConsultantScripts.Consultant(HomeTest.java:66)
at com.mohs10.scripts.HomeTest$JyotsnaConsultantScripts.Consultant(HomeTest.java:66)
at com.mohs10.scripts.HomeTest$JyotsnaConsultantScripts.Consultant(HomeTest.java:66)
at com.mohs10.scripts.HomeTest$JyotsnaConsultantScripts.Consultant(HomeTest.java:66)
at com.mohs10.scripts.HomeTest$JyotsnaConsultantScripts.Consultant(HomeTest.java:66)
at com.mohs10.scripts.HomeTest$JyotsnaConsultantScripts.Consultant(HomeTest.java:66)
at com.mohs10.scripts.HomeTest$JyotsnaConsultantScripts.Consultant(HomeTest.java:66)
at com.mohs10.scripts.HomeTest$JyotsnaConsultantScripts.Consultant(HomeTest.java:66)
at com.mohs10.scripts.HomeTest$JyotsnaConsultantScripts.Consultant(HomeTest.java:66)
at com.mohs10.scripts.HomeTest$JyotsnaConsultantScripts.Consultant(HomeTest.java:66)
at com.mohs10.scripts.HomeTest$JyotsnaConsultantScripts.Consultant(HomeTest.java:66)
at com.mohs10.scripts.HomeTest$JyotsnaConsultantScripts.Consultant(HomeTest.java:66)
at com.mohs10.scripts.HomeTest$JyotsnaConsultantScripts.Consultant(HomeTest.java:66)
at com.mohs10.scripts.HomeTest$JyotsnaConsultantScripts.Consultant(HomeTest.java:66)
at com.mohs10.scripts.HomeTest$JyotsnaConsultantScripts.Consultant(HomeTest.java:66)
at com.mohs10.scripts.HomeTest$JyotsnaConsultantScripts.Consultant(HomeTest.java:66)
at com.mohs10.scripts.HomeTest$JyotsnaConsultantScripts.Consultant(HomeTest.java:66)
at com.mohs10.scripts.HomeTest$JyotsnaConsultantScripts.Consultant(HomeTest.java:66)
at com.mohs10.scripts.HomeTest$JyotsnaConsultantScripts.Consultant(HomeTest.java:66)
at com.mohs10.scripts.HomeTest$JyotsnaConsultantScripts.Consultant(HomeTest.java:66)
at com.mohs10.scripts.HomeTest$JyotsnaConsultantScripts.Consultant(HomeTest.java:66)
at com.mohs10.scripts.HomeTest$JyotsnaConsultantScripts.Consultant(HomeTest.java:66)
at com.mohs10.scripts.HomeTest$JyotsnaConsultantScripts.Consultant(HomeTest.java:66)
at com.mohs10.scripts.HomeTest$JyotsnaConsultantScripts.Consultant(HomeTest.java:66)
at com.mohs10.scripts.HomeTest$JyotsnaConsultantScripts.Consultant(HomeTest.java:66)
at com.mohs10.scripts.HomeTest$JyotsnaConsultantScripts.Consultant(HomeTest.java:66)
at com.mohs10.scripts.HomeTest$JyotsnaConsultantScripts.Consultant(HomeTest.java:66)
at com.mohs10.scripts.HomeTest$JyotsnaConsultantScripts.Consultant(HomeTest.java:66)
at com.mohs10.scripts.HomeTest$JyotsnaConsultantScripts.Consultant(HomeTest.java:66)
at com.mohs10.scripts.HomeTest$JyotsnaConsultantScripts.Consultant(HomeTest.java:66)
at com.mohs10.scripts.HomeTest$JyotsnaConsultantScripts.Consultant(HomeTest.java:66)
at com.mohs10.scripts.HomeTest$JyotsnaConsultantScripts.Consultant(HomeTest.java:66)
at com.mohs10.scripts.HomeTest$JyotsnaConsultantScripts.Consultant(HomeTest.java:66)
at com.mohs10.scripts.HomeTest$JyotsnaConsultantScripts.Consultant(HomeTest.java:66)
at com.mohs10.scripts.HomeTest$JyotsnaConsultantScripts.Consultant(HomeTest.java:66)
at com.mohs10.scripts.HomeTest$JyotsnaConsultantScripts.Consultant(HomeTest.java:66)
at com.mohs10.scripts.HomeTest$JyotsnaConsultantScripts.Consultant(HomeTest.java:66)
at com.mohs10.scripts.HomeTest$JyotsnaConsultantScripts.Consultant(HomeTest.java:66)
at com.mohs10.scripts.HomeTest$JyotsnaConsultantScripts.Consultant(HomeTest.java:66)
at com.mohs10.scripts.HomeTest$JyotsnaConsultantScripts.Consultant(HomeTest.java:66)
at com.mohs10.scripts.HomeTest$JyotsnaConsultantScripts.Consultant(HomeTest.java:66)
at com.mohs10.scripts.HomeTest$JyotsnaConsultantScripts.Consultant(HomeTest.java:66)
at com.mohs10.scripts.HomeTest$JyotsnaConsultantScripts.Consultant(HomeTest.java:66)
at com.mohs10.scripts.HomeTest$JyotsnaConsultantScripts.Consultant(HomeTest.java:66)
at com.mohs10.scripts.HomeTest$JyotsnaConsultantScripts.Consultant(HomeTest.java:66)
at com.mohs10.scripts.HomeTest$JyotsnaConsultantScripts.Consultant(HomeTest.java:66)
at com.mohs10.scripts.HomeTest$JyotsnaConsultantScripts.Consultant(HomeTest.java:66)
at com.mohs10.scripts.HomeTest$JyotsnaConsultantScripts.Consultant(HomeTest.java:66)
at com.mohs10.scripts.HomeTest$JyotsnaConsultantScripts.Consultant(HomeTest.java:66)
at com.mohs10.scripts.HomeTest$JyotsnaConsultantScripts.Consultant(HomeTest.java:66)
at com.mohs10.scripts.HomeTest$JyotsnaConsultantScripts.Consultant(HomeTest.java:66)
at com.mohs10.scripts.HomeTest$JyotsnaConsultantScripts.Consultant(HomeTest.java:66)
at com.mohs10.scripts.HomeTest$JyotsnaConsultantScripts.Consultant(HomeTest.java:66)
at com.mohs10.scripts.HomeTest$JyotsnaConsultantScripts.Consultant(HomeTest.java:66)
at com.mohs10.scripts.HomeTest$JyotsnaConsultantScripts.Consultant(HomeTest.java:66)
at com.mohs10.scripts.HomeTest$JyotsnaConsultantScripts.Consultant(HomeTest.java:66)
at com.mohs10.scripts.HomeTest$JyotsnaConsultantScripts.Consultant(HomeTest.java:66)
at com.mohs10.scripts.HomeTest$JyotsnaConsultantScripts.Consultant(HomeTest.java:66)
at com.mohs10.scripts.HomeTest$JyotsnaConsultantScripts.Consultant(HomeTest.java:66)
at com.mohs10.scripts.HomeTest$JyotsnaConsultantScripts.Consultant(HomeTest.java:66)
at com.mohs10.scripts.HomeTest$JyotsnaConsultantScripts.Consultant(HomeTest.java:66)
at com.mohs10.scripts.HomeTest$JyotsnaConsultantScripts.Consultant(HomeTest.java:66)
at com.mohs10.scripts.HomeTest$JyotsnaConsultantScripts.Consultant(HomeTest.java:66)
at com.mohs10.scripts.HomeTest$JyotsnaConsultantScripts.Consultant(HomeTest.java:66)
at com.mohs10.scripts.HomeTest$JyotsnaConsultantScripts.Consultant(HomeTest.java:66)
at com.mohs10.scripts.HomeTest$JyotsnaConsultantScripts.Consultant(HomeTest.java:66)
at com.mohs10.scripts.HomeTest$JyotsnaConsultantScripts.Consultant(HomeTest.java:66)
at com.mohs10.scripts.HomeTest$JyotsnaConsultantScripts.Consultant(HomeTest.java:66)
at com.mohs10.scripts.HomeTest$JyotsnaConsultantScripts.Consultant(HomeTest.java:66)
at com.mohs10.scripts.HomeTest$JyotsnaConsultantScripts.Consultant(HomeTest.java:66)
at com.mohs10.scripts.HomeTest$JyotsnaConsultantScripts.Consultant(HomeTest.java:66)
at com.mohs10.scripts.HomeTest$JyotsnaConsultantScripts.Consultant(HomeTest.java:66)
at com.mohs10.scripts.HomeTest$JyotsnaConsultantScripts.Consultant(HomeTest.java:66)
at com.mohs10.scripts.HomeTest$JyotsnaConsultantScripts.Consultant(HomeTest.java:66)
at com.mohs10.scripts.HomeTest$JyotsnaConsultantScripts.Consultant(HomeTest.java:66)
at com.mohs10.scripts.HomeTest$JyotsnaConsultantScripts.Consultant(HomeTest.java:66)
at com.mohs10.scripts.HomeTest$JyotsnaConsultantScripts.Consultant(HomeTest.java:66)
at com.mohs10.scripts.HomeTest$JyotsnaConsultantScripts.Consultant(HomeTest.java:66)
at com.mohs10.scripts.HomeTest$JyotsnaConsultantScripts.Consultant(HomeTest.java:66)
at com.mohs10.scripts.HomeTest$JyotsnaConsultantScripts.Consultant(HomeTest.java:66)
at com.mohs10.scripts.HomeTest$JyotsnaConsultantScripts.Consultant(HomeTest.java:66)
at com.mohs10.scripts.HomeTest$JyotsnaConsultantScripts.Consultant(HomeTest.java:66)
at com.mohs10.scripts.HomeTest$JyotsnaConsultantScripts.Consultant(HomeTest.java:66)
at com.mohs10.scripts.HomeTest$JyotsnaConsultantScripts.Consultant(HomeTest.java:66)
at com.mohs10.scripts.HomeTest$JyotsnaConsultantScripts.Consultant(HomeTest.java:66)
at com.mohs10.scripts.HomeTest$JyotsnaConsultantScripts.Consultant(HomeTest.java:66)
at com.mohs10.scripts.HomeTest$JyotsnaConsultantScripts.Consultant(HomeTest.java:66)
at com.mohs10.scripts.HomeTest$JyotsnaConsultantScripts.Consultant(HomeTest.java:66)
at com.mohs10.scripts.HomeTest$JyotsnaConsultantScripts.Consultant(HomeTest.java:66)
at com.mohs10.scripts.HomeTest$JyotsnaConsultantScripts.Consultant(HomeTest.java:66)
at com.mohs10.scripts.HomeTest$JyotsnaConsultantScripts.Consultant(HomeTest.java:66)
at com.mohs10.scripts.HomeTest$JyotsnaConsultantScripts.Consultant(HomeTest.java:66)
at com.mohs10.scripts.HomeTest$JyotsnaConsultantScripts.Consultant(HomeTest.java:66)
at com.mohs10.scripts.HomeTest$JyotsnaConsultantScripts.Consultant(HomeTest.java:66)
at com.mohs10.scripts.HomeTest$JyotsnaConsultantScripts.Consultant(HomeTest.java:66)
at com.mohs10.scripts.HomeTest$JyotsnaConsultantScripts.Consultant(HomeTest.java:66)
at com.mohs10.scripts.HomeTest$JyotsnaConsultantScripts.Consultant(HomeTest.java:66)
at com.mohs10.scripts.HomeTest$JyotsnaConsultantScripts.Consultant(HomeTest.java:66)
at com.mohs10.scripts.HomeTest$JyotsnaConsultantScripts.Consultant(HomeTest.java:66)
at com.mohs10.scripts.HomeTest$JyotsnaConsultantScripts.Consultant(HomeTest.java:66)
at com.mohs10.scripts.HomeTest$JyotsnaConsultantScripts.Consultant(HomeTest.java:66)
at com.mohs10.scripts.HomeTest$JyotsnaConsultantScripts.Consultant(HomeTest.java:66)
at com.mohs10.scripts.HomeTest$JyotsnaConsultantScripts.Consultant(HomeTest.java:66)
at com.mohs10.scripts.HomeTest$JyotsnaConsultantScripts.Consultant(HomeTest.java:66)
at com.mohs10.scripts.HomeTest$JyotsnaConsultantScripts.Consultant(HomeTest.java:66)
at com.mohs10.scripts.HomeTest$JyotsnaConsultantScripts.Consultant(HomeTest.java:66)
at com.mohs10.scripts.HomeTest$JyotsnaConsultantScripts.Consultant(HomeTest.java:66)
at com.mohs10.scripts.HomeTest$JyotsnaConsultantScripts.Consultant(HomeTest.java:66)
at com.mohs10.scripts.HomeTest$JyotsnaConsultantScripts.Consultant(HomeTest.java:66)
at com.mohs10.scripts.HomeTest$JyotsnaConsultantScripts.Consultant(HomeTest.java:66)
at com.mohs10.scripts.HomeTest$JyotsnaConsultantScripts.Consultant(HomeTest.java:66)
at com.mohs10.scripts.HomeTest$JyotsnaConsultantScripts.Consultant(HomeTest.java:66)
at com.mohs10.scripts.HomeTest$JyotsnaConsultantScripts.Consultant(HomeTest.java:66)
at com.mohs10.scripts.HomeTest$JyotsnaConsultantScripts.Consultant(HomeTest.java:66)
at com.mohs10.scripts.HomeTest$JyotsnaConsultantScripts.Consultant(HomeTest.java:66)
at com.mohs10.scripts.HomeTest$JyotsnaConsultantScripts.Consultant(HomeTest.java:66)
at com.mohs10.scripts.HomeTest$JyotsnaConsultantScripts.Consultant(HomeTest.java:66)
at com.mohs10.scripts.HomeTest$JyotsnaConsultantScripts.Consultant(HomeTest.java:66)
at com.mohs10.scripts.HomeTest$JyotsnaConsultantScripts.Consultant(HomeTest.java:66)
at com.mohs10.scripts.HomeTest$JyotsnaConsultantScripts.Consultant(HomeTest.java:66)
at com.mohs10.scripts.HomeTest$JyotsnaConsultantScripts.Consultant(HomeTest.java:66)
at com.mohs10.scripts.HomeTest$JyotsnaConsultantScripts.Consultant(HomeTest.java:66)
at com.mohs10.scripts.HomeTest$JyotsnaConsultantScripts.Consultant(HomeTest.java:66)
at com.mohs10.scripts.HomeTest$JyotsnaConsultantScripts.Consultant(HomeTest.java:66)
at com.mohs10.scripts.HomeTest$JyotsnaConsultantScripts.Consultant(HomeTest.java:66)
at com.mohs10.scripts.HomeTest$JyotsnaConsultantScripts.Consultant(HomeTest.java:66)
at com.mohs10.scripts.HomeTest$JyotsnaConsultantScripts.Consultant(HomeTest.java:66)
at com.mohs10.scripts.HomeTest$JyotsnaConsultantScripts.Consultant(HomeTest.java:66)
at com.mohs10.scripts.HomeTest$JyotsnaConsultantScripts.Consultant(HomeTest.java:66)
at com.mohs10.scripts.HomeTest$JyotsnaConsultantScripts.Consultant(HomeTest.java:66)
at com.mohs10.scripts.HomeTest$JyotsnaConsultantScripts.Consultant(HomeTest.java:66)
at com.mohs10.scripts.HomeTest$JyotsnaConsultantScripts.Consultant(HomeTest.java:66)
at com.mohs10.scripts.HomeTest$JyotsnaConsultantScripts.Consultant(HomeTest.java:66)
at com.mohs10.scripts.HomeTest$JyotsnaConsultantScripts.Consultant(HomeTest.java:66)
at com.mohs10.scripts.HomeTest$JyotsnaConsultantScripts.Consultant(HomeTest.java:66)
at com.mohs10.scripts.HomeTest$JyotsnaConsultantScripts.Consultant(HomeTest.java:66)
at com.mohs10.scripts.HomeTest$JyotsnaConsultantScripts.Consultant(HomeTest.java:66)
at com.mohs10.scripts.HomeTest$JyotsnaConsultantScripts.Consultant(HomeTest.java:66)
at com.mohs10.scripts.HomeTest$JyotsnaConsultantScripts.Consultant(HomeTest.java:66)
at com.mohs10.scripts.HomeTest$JyotsnaConsultantScripts.Consultant(HomeTest.java:66)
at com.mohs10.scripts.HomeTest$JyotsnaConsultantScripts.Consultant(HomeTest.java:66)
at com.mohs10.scripts.HomeTest$JyotsnaConsultantScripts.Consultant(HomeTest.java:66)
at com.mohs10.scripts.HomeTest$JyotsnaConsultantScripts.Consultant(HomeTest.java:66)
at com.mohs10.scripts.HomeTest$JyotsnaConsultantScripts.Consultant(HomeTest.java:66)
at com.mohs10.scripts.HomeTest$JyotsnaConsultantScripts.Consultant(HomeTest.java:66)
at com.mohs10.scripts.HomeTest$JyotsnaConsultantScripts.Consultant(HomeTest.java:66)
at com.mohs10.scripts.HomeTest$JyotsnaConsultantScripts.Consultant(HomeTest.java:66)
at com.mohs10.scripts.HomeTest$JyotsnaConsultantScripts.Consultant(HomeTest.java:66)
at com.mohs10.scripts.HomeTest$JyotsnaConsultantScripts.Consultant(HomeTest.java:66)
at com.mohs10.scripts.HomeTest$JyotsnaConsultantScripts.Consultant(HomeTest.java:66)
at com.mohs10.scripts.HomeTest$JyotsnaConsultantScripts.Consultant(HomeTest.java:66)
at com.mohs10.scripts.HomeTest$JyotsnaConsultantScripts.Consultant(HomeTest.java:66)
at com.mohs10.scripts.HomeTest$JyotsnaConsultantScripts.Consultant(HomeTest.java:66)
at com.mohs10.scripts.HomeTest$JyotsnaConsultantScripts.Consultant(HomeTest.java:66)
at com.mohs10.scripts.HomeTest$JyotsnaConsultantScripts.Consultant(HomeTest.java:66)
at com.mohs10.scripts.HomeTest$JyotsnaConsultantScripts.Consultant(HomeTest.java:66)
at com.mohs10.scripts.HomeTest$JyotsnaConsultantScripts.Consultant(HomeTest.java:66)
at com.mohs10.scripts.HomeTest$JyotsnaConsultantScripts.Consultant(HomeTest.java:66)
at com.mohs10.scripts.HomeTest$JyotsnaConsultantScripts.Consultant(HomeTest.java:66)
at com.mohs10.scripts.HomeTest$JyotsnaConsultantScripts.Consultant(HomeTest.java:66)
at com.mohs10.scripts.HomeTest$JyotsnaConsultantScripts.Consultant(HomeTest.java:66)
at com.mohs10.scripts.HomeTest$JyotsnaConsultantScripts.Consultant(HomeTest.java:66)
at com.mohs10.scripts.HomeTest$JyotsnaConsultantScripts.Consultant(HomeTest.java:66)
at com.mohs10.scripts.HomeTest$JyotsnaConsultantScripts.Consultant(HomeTest.java:66)
at com.mohs10.scripts.HomeTest$JyotsnaConsultantScripts.Consultant(HomeTest.java:66)
at com.mohs10.scripts.HomeTest$JyotsnaConsultantScripts.Consultant(HomeTest.java:66)
at com.mohs10.scripts.HomeTest$JyotsnaConsultantScripts.Consultant(HomeTest.java:66)
at com.mohs10.scripts.HomeTest$JyotsnaConsultantScripts.Consultant(HomeTest.java:66)
at com.mohs10.scripts.HomeTest$JyotsnaConsultantScripts.Consultant(HomeTest.java:66)
at com.mohs10.scripts.HomeTest$JyotsnaConsultantScripts.Consultant(HomeTest.java:66)
at com.mohs10.scripts.HomeTest$JyotsnaConsultantScripts.Consultant(HomeTest.java:66)
at com.mohs10.scripts.HomeTest$JyotsnaConsultantScripts.Consultant(HomeTest.java:66)
at com.mohs10.scripts.HomeTest$JyotsnaConsultantScripts.Consultant(HomeTest.java:66)
at com.mohs10.scripts.HomeTest$JyotsnaConsultantScripts.Consultant(HomeTest.java:66)
at com.mohs10.scripts.HomeTest$JyotsnaConsultantScripts.Consultant(HomeTest.java:66)
at com.mohs10.scripts.HomeTest$JyotsnaConsultantScripts.Consultant(HomeTest.java:66)
at com.mohs10.scripts.HomeTest$JyotsnaConsultantScripts.Consultant(HomeTest.java:66)
at com.mohs10.scripts.HomeTest$JyotsnaConsultantScripts.Consultant(HomeTest.java:66)
at com.mohs10.scripts.HomeTest$JyotsnaConsultantScripts.Consultant(HomeTest.java:66)
at com.mohs10.scripts.HomeTest$JyotsnaConsultantScripts.Consultant(HomeTest.java:66)
at com.mohs10.scripts.HomeTest$JyotsnaConsultantScripts.Consultant(HomeTest.java:66)
at com.mohs10.scripts.HomeTest$JyotsnaConsultantScripts.Consultant(HomeTest.java:66)
at com.mohs10.scripts.HomeTest$JyotsnaConsultantScripts.Consultant(HomeTest.java:66)
at com.mohs10.scripts.HomeTest$JyotsnaConsultantScripts.Consultant(HomeTest.java:66)
at com.mohs10.scripts.HomeTest$JyotsnaConsultantScripts.Consultant(HomeTest.java:66)
at com.mohs10.scripts.HomeTest$JyotsnaConsultantScripts.Consultant(HomeTest.java:66)
at com.mohs10.scripts.HomeTest$JyotsnaConsultantScripts.Consultant(HomeTest.java:66)
at com.mohs10.scripts.HomeTest$JyotsnaConsultantScripts.Consultant(HomeTest.java:66)
at com.mohs10.scripts.HomeTest$JyotsnaConsultantScripts.Consultant(HomeTest.java:66)
at com.mohs10.scripts.HomeTest$JyotsnaConsultantScripts.Consultant(HomeTest.java:66)
at com.mohs10.scripts.HomeTest$JyotsnaConsultantScripts.Consultant(HomeTest.java:66)
at com.mohs10.scripts.HomeTest$JyotsnaConsultantScripts.Consultant(HomeTest.java:66)
at com.mohs10.scripts.HomeTest$JyotsnaConsultantScripts.Consultant(HomeTest.java:66)
at com.mohs10.scripts.HomeTest$JyotsnaConsultantScripts.Consultant(HomeTest.java:66)
at com.mohs10.scripts.HomeTest$JyotsnaConsultantScripts.Consultant(HomeTest.java:66)
at com.mohs10.scripts.HomeTest$JyotsnaConsultantScripts.Consultant(HomeTest.java:66)
at com.mohs10.scripts.HomeTest$JyotsnaConsultantScripts.Consultant(HomeTest.java:66)
at com.mohs10.scripts.HomeTest$JyotsnaConsultantScripts.Consultant(HomeTest.java:66)
at com.mohs10.scripts.HomeTest$JyotsnaConsultantScripts.Consultant(HomeTest.java:66)
at com.mohs10.scripts.HomeTest$JyotsnaConsultantScripts.Consultant(HomeTest.java:66)
at com.mohs10.scripts.HomeTest$JyotsnaConsultantScripts.Consultant(HomeTest.java:66)
at com.mohs10.scripts.HomeTest$JyotsnaConsultantScripts.Consultant(HomeTest.java:66)
at com.mohs10.scripts.HomeTest$JyotsnaConsultantScripts.Consultant(HomeTest.java:66)
at com.mohs10.scripts.HomeTest$JyotsnaConsultantScripts.Consultant(HomeTest.java:66)
at com.mohs10.scripts.HomeTest$JyotsnaConsultantScripts.Consultant(HomeTest.java:66)
at com.mohs10.scripts.HomeTest$JyotsnaConsultantScripts.Consultant(HomeTest.java:66)
at com.mohs10.scripts.HomeTest$JyotsnaConsultantScripts.Consultant(HomeTest.java:66)
at com.mohs10.scripts.HomeTest$JyotsnaConsultantScripts.Consultant(HomeTest.java:66)
at com.mohs10.scripts.HomeTest$JyotsnaConsultantScripts.Consultant(HomeTest.java:66)
at com.mohs10.scripts.HomeTest$JyotsnaConsultantScripts.Consultant(HomeTest.java:66)
at com.mohs10.scripts.HomeTest$JyotsnaConsultantScripts.Consultant(HomeTest.java:66)
at com.mohs10.scripts.HomeTest$JyotsnaConsultantScripts.Consultant(HomeTest.java:66)
at com.mohs10.scripts.HomeTest$JyotsnaConsultantScripts.Consultant(HomeTest.java:66)
at com.mohs10.scripts.HomeTest$JyotsnaConsultantScripts.Consultant(HomeTest.java:66)
at com.mohs10.scripts.HomeTest$JyotsnaConsultantScripts.Consultant(HomeTest.java:66)
at com.mohs10.scripts.HomeTest$JyotsnaConsultantScripts.Consultant(HomeTest.java:66)
at com.mohs10.scripts.HomeTest$JyotsnaConsultantScripts.Consultant(HomeTest.java:66)
at com.mohs10.scripts.HomeTest$JyotsnaConsultantScripts.Consultant(HomeTest.java:66)
at com.mohs10.scripts.HomeTest$JyotsnaConsultantScripts.Consultant(HomeTest.java:66)
at com.mohs10.scripts.HomeTest$JyotsnaConsultantScripts.Consultant(HomeTest.java:66)
at com.mohs10.scripts.HomeTest$JyotsnaConsultantScripts.Consultant(HomeTest.java:66)
at com.mohs10.scripts.HomeTest$JyotsnaConsultantScripts.Consultant(HomeTest.java:66)
at com.mohs10.scripts.HomeTest$JyotsnaConsultantScripts.Consultant(HomeTest.java:66)
at com.mohs10.scripts.HomeTest$JyotsnaConsultantScripts.Consultant(HomeTest.java:66)
at com.mohs10.scripts.HomeTest$JyotsnaConsultantScripts.Consultant(HomeTest.java:66)
at com.mohs10.scripts.HomeTest$JyotsnaConsultantScripts.Consultant(HomeTest.java:66)
at com.mohs10.scripts.HomeTest$JyotsnaConsultantScripts.Consultant(HomeTest.java:66)
at com.mohs10.scripts.HomeTest$JyotsnaConsultantScripts.Consultant(HomeTest.java:66)
at com.mohs10.scripts.HomeTest$JyotsnaConsultantScripts.Consultant(HomeTest.java:66)
at com.mohs10.scripts.HomeTest$JyotsnaConsultantScripts.Consultant(HomeTest.java:66)
at com.mohs10.scripts.HomeTest$JyotsnaConsultantScripts.Consultant(HomeTest.java:66)
at com.mohs10.scripts.HomeTest$JyotsnaConsultantScripts.Consultant(HomeTest.java:66)
at com.mohs10.scripts.HomeTest$JyotsnaConsultantScripts.Consultant(HomeTest.java:66)
at com.mohs10.scripts.HomeTest$JyotsnaConsultantScripts.Consultant(HomeTest.java:66)
at com.mohs10.scripts.HomeTest$JyotsnaConsultantScripts.Consultant(HomeTest.java:66)
at com.mohs10.scripts.HomeTest$JyotsnaConsultantScripts.Consultant(HomeTest.java:66)
at com.mohs10.scripts.HomeTest$JyotsnaConsultantScripts.Consultant(HomeTest.java:66)
at com.mohs10.scripts.HomeTest$JyotsnaConsultantScripts.Consultant(HomeTest.java:66)
at com.mohs10.scripts.HomeTest$JyotsnaConsultantScripts.Consultant(HomeTest.java:66)
at com.mohs10.scripts.HomeTest$JyotsnaConsultantScripts.Consultant(HomeTest.java:66)
at com.mohs10.scripts.HomeTest$JyotsnaConsultantScripts.Consultant(HomeTest.java:66)
at com.mohs10.scripts.HomeTest$JyotsnaConsultantScripts.Consultant(HomeTest.java:66)
at com.mohs10.scripts.HomeTest$JyotsnaConsultantScripts.Consultant(HomeTest.java:66)
at com.mohs10.scripts.HomeTest$JyotsnaConsultantScripts.Consultant(HomeTest.java:66)
at com.mohs10.scripts.HomeTest$JyotsnaConsultantScripts.Consultant(HomeTest.java:66)
at com.mohs10.scripts.HomeTest$JyotsnaConsultantScripts.Consultant(HomeTest.java:66)
at com.mohs10.scripts.HomeTest$JyotsnaConsultantScripts.Consultant(HomeTest.java:66)
at com.mohs10.scripts.HomeTest$JyotsnaConsultantScripts.Consultant(HomeTest.java:66)
at com.mohs10.scripts.HomeTest$JyotsnaConsultantScripts.Consultant(HomeTest.java:66)
at com.mohs10.scripts.HomeTest$JyotsnaConsultantScripts.Consultant(HomeTest.java:66)
at com.mohs10.scripts.HomeTest$JyotsnaConsultantScripts.Consultant(HomeTest.java:66)
at com.mohs10.scripts.HomeTest$JyotsnaConsultantScripts.Consultant(HomeTest.java:66)
at com.mohs10.scripts.HomeTest$JyotsnaConsultantScripts.Consultant(HomeTest.java:66)
at com.mohs10.scripts.HomeTest$JyotsnaConsultantScripts.Consultant(HomeTest.java:66)
at com.mohs10.scripts.HomeTest$JyotsnaConsultantScripts.Consultant(HomeTest.java:66)
at com.mohs10.scripts.HomeTest$JyotsnaConsultantScripts.Consultant(HomeTest.java:66)
at com.mohs10.scripts.HomeTest$JyotsnaConsultantScripts.Consultant(HomeTest.java:66)
at com.mohs10.scripts.HomeTest$JyotsnaConsultantScripts.Consultant(HomeTest.java:66)
at com.mohs10.scripts.HomeTest$JyotsnaConsultantScripts.Consultant(HomeTest.java:66)
at com.mohs10.scripts.HomeTest$JyotsnaConsultantScripts.Consultant(HomeTest.java:66)
at com.mohs10.scripts.HomeTest$JyotsnaConsultantScripts.Consultant(HomeTest.java:66)
at com.mohs10.scripts.HomeTest$JyotsnaConsultantScripts.Consultant(HomeTest.java:66)
at com.mohs10.scripts.HomeTest$JyotsnaConsultantScripts.Consultant(HomeTest.java:66)
at com.mohs10.scripts.HomeTest$JyotsnaConsultantScripts.Consultant(HomeTest.java:66)
at com.mohs10.scripts.HomeTest$JyotsnaConsultantScripts.Consultant(HomeTest.java:66)
at com.mohs10.scripts.HomeTest$JyotsnaConsultantScripts.Consultant(HomeTest.java:66)
at com.mohs10.scripts.HomeTest$JyotsnaConsultantScripts.Consultant(HomeTest.java:66)
at com.mohs10.scripts.HomeTest$JyotsnaConsultantScripts.Consultant(HomeTest.java:66)
at com.mohs10.scripts.HomeTest$JyotsnaConsultantScripts.Consultant(HomeTest.java:66)
at com.mohs10.scripts.HomeTest$JyotsnaConsultantScripts.Consultant(HomeTest.java:66)
at com.mohs10.scripts.HomeTest$JyotsnaConsultantScripts.Consultant(HomeTest.java:66)
at com.mohs10.scripts.HomeTest$JyotsnaConsultantScripts.Consultant(HomeTest.java:66)
at com.mohs10.scripts.HomeTest$JyotsnaConsultantScripts.Consultant(HomeTest.java:66)
at com.mohs10.scripts.HomeTest$JyotsnaConsultantScripts.Consultant(HomeTest.java:66)
at com.mohs10.scripts.HomeTest$JyotsnaConsultantScripts.Consultant(HomeTest.java:66)
at com.mohs10.scripts.HomeTest$JyotsnaConsultantScripts.Consultant(HomeTest.java:66)
at com.mohs10.scripts.HomeTest$JyotsnaConsultantScripts.Consultant(HomeTest.java:66)
at com.mohs10.scripts.HomeTest$JyotsnaConsultantScripts.Consultant(HomeTest.java:66)
at com.mohs10.scripts.HomeTest$JyotsnaConsultantScripts.Consultant(HomeTest.java:66)
at com.mohs10.scripts.HomeTest$JyotsnaConsultantScripts.Consultant(HomeTest.java:66)
at com.mohs10.scripts.HomeTest$JyotsnaConsultantScripts.Consultant(HomeTest.java:66)
at com.mohs10.scripts.HomeTest$JyotsnaConsultantScripts.Consultant(HomeTest.java:66)
at com.mohs10.scripts.HomeTest$JyotsnaConsultantScripts.Consultant(HomeTest.java:66)
at com.mohs10.scripts.HomeTest$JyotsnaConsultantScripts.Consultant(HomeTest.java:66)
at com.mohs10.scripts.HomeTest$JyotsnaConsultantScripts.Consultant(HomeTest.java:66)
at com.mohs10.scripts.HomeTest$JyotsnaConsultantScripts.Consultant(HomeTest.java:66)
at com.mohs10.scripts.HomeTest$JyotsnaConsultantScripts.Consultant(HomeTest.java:66)
at com.mohs10.scripts.HomeTest$JyotsnaConsultantScripts.Consultant(HomeTest.java:66)
at com.mohs10.scripts.HomeTest$JyotsnaConsultantScripts.Consultant(HomeTest.java:66)
at com.mohs10.scripts.HomeTest$JyotsnaConsultantScripts.Consultant(HomeTest.java:66)
at com.mohs10.scripts.HomeTest$JyotsnaConsultantScripts.Consultant(HomeTest.java:66)
at com.mohs10.scripts.HomeTest$JyotsnaConsultantScripts.Consultant(HomeTest.java:66)
at com.mohs10.scripts.HomeTest$JyotsnaConsultantScripts.Consultant(HomeTest.java:66)
at com.mohs10.scripts.HomeTest$JyotsnaConsultantScripts.Consultant(HomeTest.java:66)
at com.mohs10.scripts.HomeTest$JyotsnaConsultantScripts.Consultant(HomeTest.java:66)
at com.mohs10.scripts.HomeTest$JyotsnaConsultantScripts.Consultant(HomeTest.java:66)
at com.mohs10.scripts.HomeTest$JyotsnaConsultantScripts.Consultant(HomeTest.java:66)
at com.mohs10.scripts.HomeTest$JyotsnaConsultantScripts.Consultant(HomeTest.java:66)
at com.mohs10.scripts.HomeTest$JyotsnaConsultantScripts.Consultant(HomeTest.java:66)
at com.mohs10.scripts.HomeTest$JyotsnaConsultantScripts.Consultant(HomeTest.java:66)
at com.mohs10.scripts.HomeTest$JyotsnaConsultantScripts.Consultant(HomeTest.java:66)
at com.mohs10.scripts.HomeTest$JyotsnaConsultantScripts.Consultant(HomeTest.java:66)
at com.mohs10.scripts.HomeTest$JyotsnaConsultantScripts.Consultant(HomeTest.java:66)
at com.mohs10.scripts.HomeTest$JyotsnaConsultantScripts.Consultant(HomeTest.java:66)
at com.mohs10.scripts.HomeTest$JyotsnaConsultantScripts.Consultant(HomeTest.java:66)
at com.mohs10.scripts.HomeTest$JyotsnaConsultantScripts.Consultant(HomeTest.java:66)
at com.mohs10.scripts.HomeTest$JyotsnaConsultantScripts.Consultant(HomeTest.java:66)
at com.mohs10.scripts.HomeTest$JyotsnaConsultantScripts.Consultant(HomeTest.java:66)
at com.mohs10.scripts.HomeTest$JyotsnaConsultantScripts.Consultant(HomeTest.java:66)
at com.mohs10.scripts.HomeTest$JyotsnaConsultantScripts.Consultant(HomeTest.java:66)
at com.mohs10.scripts.HomeTest$JyotsnaConsultantScripts.Consultant(HomeTest.java:66)
at com.mohs10.scripts.HomeTest$JyotsnaConsultantScripts.Consultant(HomeTest.java:66)
at com.mohs10.scripts.HomeTest$JyotsnaConsultantScripts.Consultant(HomeTest.java:66)
at com.mohs10.scripts.HomeTest$JyotsnaConsultantScripts.Consultant(HomeTest.java:66)
at com.mohs10.scripts.HomeTest$JyotsnaConsultantScripts.Consultant(HomeTest.java:66)
at com.mohs10.scripts.HomeTest$JyotsnaConsultantScripts.Consultant(HomeTest.java:66)
at com.mohs10.scripts.HomeTest$JyotsnaConsultantScripts.Consultant(HomeTest.java:66)
at com.mohs10.scripts.HomeTest$JyotsnaConsultantScripts.Consultant(HomeTest.java:66)
at com.mohs10.scripts.HomeTest$JyotsnaConsultantScripts.Consultant(HomeTest.java:66)
at com.mohs10.scripts.HomeTest$JyotsnaConsultantScripts.Consultant(HomeTest.java:66)
at com.mohs10.scripts.HomeTest$JyotsnaConsultantScripts.Consultant(HomeTest.java:66)
at com.mohs10.scripts.HomeTest$JyotsnaConsultantScripts.Consultant(HomeTest.java:66)
at com.mohs10.scripts.HomeTest$JyotsnaConsultantScripts.Consultant(HomeTest.java:66)
at com.mohs10.scripts.HomeTest$JyotsnaConsultantScripts.Consultant(HomeTest.java:66)
at com.mohs10.scripts.HomeTest$JyotsnaConsultantScripts.Consultant(HomeTest.java:66)
at com.mohs10.scripts.HomeTest$JyotsnaConsultantScripts.Consultant(HomeTest.java:66)
at com.mohs10.scripts.HomeTest$JyotsnaConsultantScripts.Consultant(HomeTest.java:66)
at com.mohs10.scripts.HomeTest$JyotsnaConsultantScripts.Consultant(HomeTest.java:66)
at com.mohs10.scripts.HomeTest$JyotsnaConsultantScripts.Consultant(HomeTest.java:66)
at com.mohs10.scripts.HomeTest$JyotsnaConsultantScripts.Consultant(HomeTest.java:66)
at com.mohs10.scripts.HomeTest$JyotsnaConsultantScripts.Consultant(HomeTest.java:66)
at com.mohs10.scripts.HomeTest$JyotsnaConsultantScripts.Consultant(HomeTest.java:66)
at com.mohs10.scripts.HomeTest$JyotsnaConsultantScripts.Consultant(HomeTest.java:66)
at com.mohs10.scripts.HomeTest$JyotsnaConsultantScripts.Consultant(HomeTest.java:66)
at com.mohs10.scripts.HomeTest$JyotsnaConsultantScripts.Consultant(HomeTest.java:66)
at com.mohs10.scripts.HomeTest$JyotsnaConsultantScripts.Consultant(HomeTest.java:66)
at com.mohs10.scripts.HomeTest$JyotsnaConsultantScripts.Consultant(HomeTest.java:66)
at com.mohs10.scripts.HomeTest$JyotsnaConsultantScripts.Consultant(HomeTest.java:66)
at com.mohs10.scripts.HomeTest$JyotsnaConsultantScripts.Consultant(HomeTest.java:66)
at com.mohs10.scripts.HomeTest$JyotsnaConsultantScripts.Consultant(HomeTest.java:66)
at com.mohs10.scripts.HomeTest$JyotsnaConsultantScripts.Consultant(HomeTest.java:66)
at com.mohs10.scripts.HomeTest$JyotsnaConsultantScripts.Consultant(HomeTest.java:66)
at com.mohs10.scripts.HomeTest$JyotsnaConsultantScripts.Consultant(HomeTest.java:66)
at com.mohs10.scripts.HomeTest$JyotsnaConsultantScripts.Consultant(HomeTest.java:66)
at com.mohs10.scripts.HomeTest$JyotsnaConsultantScripts.Consultant(HomeTest.java:66)
at com.mohs10.scripts.HomeTest$JyotsnaConsultantScripts.Consultant(HomeTest.java:66)
at com.mohs10.scripts.HomeTest$JyotsnaConsultantScripts.Consultant(HomeTest.java:66)
at com.mohs10.scripts.HomeTest$JyotsnaConsultantScripts.Consultant(HomeTest.java:66)
at com.mohs10.scripts.HomeTest$JyotsnaConsultantScripts.Consultant(HomeTest.java:66)
at com.mohs10.scripts.HomeTest$JyotsnaConsultantScripts.Consultant(HomeTest.java:66)
at com.mohs10.scripts.HomeTest$JyotsnaConsultantScripts.Consultant(HomeTest.java:66)
at com.mohs10.scripts.HomeTest$JyotsnaConsultantScripts.Consultant(HomeTest.java:66)
at com.mohs10.scripts.HomeTest$JyotsnaConsultantScripts.Consultant(HomeTest.java:66)
at com.mohs10.scripts.HomeTest$JyotsnaConsultantScripts.Consultant(HomeTest.java:66)
at com.mohs10.scripts.HomeTest$JyotsnaConsultantScripts.Consultant(HomeTest.java:66)
at com.mohs10.scripts.HomeTest$JyotsnaConsultantScripts.Consultant(HomeTest.java:66)
at com.mohs10.scripts.HomeTest$JyotsnaConsultantScripts.Consultant(HomeTest.java:66)
at com.mohs10.scripts.HomeTest$JyotsnaConsultantScripts.Consultant(HomeTest.java:66)
at com.mohs10.scripts.HomeTest$JyotsnaConsultantScripts.Consultant(HomeTest.java:66)
at com.mohs10.scripts.HomeTest$JyotsnaConsultantScripts.Consultant(HomeTest.java:66)
at com.mohs10.scripts.HomeTest$JyotsnaConsultantScripts.Consultant(HomeTest.java:66)
at com.mohs10.scripts.HomeTest$JyotsnaConsultantScripts.Consultant(HomeTest.java:66)
at com.mohs10.scripts.HomeTest$JyotsnaConsultantScripts.Consultant(HomeTest.java:66)
at com.mohs10.scripts.HomeTest$JyotsnaConsultantScripts.Consultant(HomeTest.java:66)
at com.mohs10.scripts.HomeTest$JyotsnaConsultantScripts.Consultant(HomeTest.java:66)
at com.mohs10.scripts.HomeTest$JyotsnaConsultantScripts.Consultant(HomeTest.java:66)
at com.mohs10.scripts.HomeTest$JyotsnaConsultantScripts.Consultant(HomeTest.java:66)
at com.mohs10.scripts.HomeTest$JyotsnaConsultantScripts.Consultant(HomeTest.java:66)
at com.mohs10.scripts.HomeTest$JyotsnaConsultantScripts.Consultant(HomeTest.java:66)
at com.mohs10.scripts.HomeTest$JyotsnaConsultantScripts.Consultant(HomeTest.java:66)
at com.mohs10.scripts.HomeTest$JyotsnaConsultantScripts.Consultant(HomeTest.java:66)
at com.mohs10.scripts.HomeTest$JyotsnaConsultantScripts.Consultant(HomeTest.java:66)
at com.mohs10.scripts.HomeTest$JyotsnaConsultantScripts.Consultant(HomeTest.java:66)
at com.mohs10.scripts.HomeTest$JyotsnaConsultantScripts.Consultant(HomeTest.java:66)
at com.mohs10.scripts.HomeTest$JyotsnaConsultantScripts.Consultant(HomeTest.java:66)
at com.mohs10.scripts.HomeTest$JyotsnaConsultantScripts.Consultant(HomeTest.java:66)
at com.mohs10.scripts.HomeTest$JyotsnaConsultantScripts.Consultant(HomeTest.java:66)
at com.mohs10.scripts.HomeTest$JyotsnaConsultantScripts.Consultant(HomeTest.java:66)
at com.mohs10.scripts.HomeTest$JyotsnaConsultantScripts.Consultant(HomeTest.java:66)
at com.mohs10.scripts.HomeTest$JyotsnaConsultantScripts.Consultant(HomeTest.java:66)
at com.mohs10.scripts.HomeTest$JyotsnaConsultantScripts.Consultant(HomeTest.java:66)
at com.mohs10.scripts.HomeTest$JyotsnaConsultantScripts.Consultant(HomeTest.java:66)
at com.mohs10.scripts.HomeTest$JyotsnaConsultantScripts.Consultant(HomeTest.java:66)
at com.mohs10.scripts.HomeTest$JyotsnaConsultantScripts.Consultant(HomeTest.java:66)
at com.mohs10.scripts.HomeTest$JyotsnaConsultantScripts.Consultant(HomeTest.java:66)
at com.mohs10.scripts.HomeTest$JyotsnaConsultantScripts.Consultant(HomeTest.java:66)
at com.mohs10.scripts.HomeTest$JyotsnaConsultantScripts.Consultant(HomeTest.java:66)
at com.mohs10.scripts.HomeTest$JyotsnaConsultantScripts.Consultant(HomeTest.java:66)
at com.mohs10.scripts.HomeTest$JyotsnaConsultantScripts.Consultant(HomeTest.java:66)
at com.mohs10.scripts.HomeTest$JyotsnaConsultantScripts.Consultant(HomeTest.java:66)
at com.mohs10.scripts.HomeTest$JyotsnaConsultantScripts.Consultant(HomeTest.java:66)
at com.mohs10.scripts.HomeTest$JyotsnaConsultantScripts.Consultant(HomeTest.java:66)
at com.mohs10.scripts.HomeTest$JyotsnaConsultantScripts.Consultant(HomeTest.java:66)
at com.mohs10.scripts.HomeTest$JyotsnaConsultantScripts.Consultant(HomeTest.java:66)
at com.mohs10.scripts.HomeTest$JyotsnaConsultantScripts.Consultant(HomeTest.java:66)
at com.mohs10.scripts.HomeTest$JyotsnaConsultantScripts.Consultant(HomeTest.java:66)
at com.mohs10.scripts.HomeTest$JyotsnaConsultantScripts.Consultant(HomeTest.java:66)
at com.mohs10.scripts.HomeTest$JyotsnaConsultantScripts.Consultant(HomeTest.java:66)
at com.mohs10.scripts.HomeTest$JyotsnaConsultantScripts.Consultant(HomeTest.java:66)
at com.mohs10.scripts.HomeTest$JyotsnaConsultantScripts.Consultant(HomeTest.java:66)
at com.mohs10.scripts.HomeTest$JyotsnaConsultantScripts.Consultant(HomeTest.java:66)
at com.mohs10.scripts.HomeTest$JyotsnaConsultantScripts.Consultant(HomeTest.java:66)
at com.mohs10.scripts.HomeTest$JyotsnaConsultantScripts.Consultant(HomeTest.java:66)
at com.mohs10.scripts.HomeTest$JyotsnaConsultantScripts.Consultant(HomeTest.java:66)
at com.mohs10.scripts.HomeTest$JyotsnaConsultantScripts.Consultant(HomeTest.java:66)
at com.mohs10.scripts.HomeTest$JyotsnaConsultantScripts.Consultant(HomeTest.java:66)
at com.mohs10.scripts.HomeTest$JyotsnaConsultantScripts.Consultant(HomeTest.java:66)
at com.mohs10.scripts.HomeTest$JyotsnaConsultantScripts.Consultant(HomeTest.java:66)
at com.mohs10.scripts.HomeTest$JyotsnaConsultantScripts.Consultant(HomeTest.java:66)
at com.mohs10.scripts.HomeTest$JyotsnaConsultantScripts.Consultant(HomeTest.java:66)
at com.mohs10.scripts.HomeTest$JyotsnaConsultantScripts.Consultant(HomeTest.java:66)
at com.mohs10.scripts.HomeTest$JyotsnaConsultantScripts.Consultant(HomeTest.java:66)
at com.mohs10.scripts.HomeTest$JyotsnaConsultantScripts.Consultant(HomeTest.java:66)
at com.mohs10.scripts.HomeTest$JyotsnaConsultantScripts.Consultant(HomeTest.java:66)
at com.mohs10.scripts.HomeTest$JyotsnaConsultantScripts.Consultant(HomeTest.java:66)
at com.mohs10.scripts.HomeTest$JyotsnaConsultantScripts.Consultant(HomeTest.java:66)
at com.mohs10.scripts.HomeTest$JyotsnaConsultantScripts.Consultant(HomeTest.java:66)
at com.mohs10.scripts.HomeTest$JyotsnaConsultantScripts.Consultant(HomeTest.java:66)
at com.mohs10.scripts.HomeTest$JyotsnaConsultantScripts.Consultant(HomeTest.java:66)
at com.mohs10.scripts.HomeTest$JyotsnaConsultantScripts.Consultant(HomeTest.java:66)
at com.mohs10.scripts.HomeTest$JyotsnaConsultantScripts.Consultant(HomeTest.java:66)
at com.mohs10.scripts.HomeTest$JyotsnaConsultantScripts.Consultant(HomeTest.java:66)
at com.mohs10.scripts.HomeTest$JyotsnaConsultantScripts.Consultant(HomeTest.java:66)
at com.mohs10.scripts.HomeTest$JyotsnaConsultantScripts.Consultant(HomeTest.java:66)
at com.mohs10.scripts.HomeTest$JyotsnaConsultantScripts.Consultant(HomeTest.java:66)
at com.mohs10.scripts.HomeTest$JyotsnaConsultantScripts.Consultant(HomeTest.java:66)
at com.mohs10.scripts.HomeTest$JyotsnaConsultantScripts.Consultant(HomeTest.java:66)
at com.mohs10.scripts.HomeTest$JyotsnaConsultantScripts.Consultant(HomeTest.java:66)
at com.mohs10.scripts.HomeTest$JyotsnaConsultantScripts.Consultant(HomeTest.java:66)
at com.mohs10.scripts.HomeTest$JyotsnaConsultantScripts.Consultant(HomeTest.java:66)
at com.mohs10.scripts.HomeTest$JyotsnaConsultantScripts.Consultant(HomeTest.java:66)
at com.mohs10.scripts.HomeTest$JyotsnaConsultantScripts.Consultant(HomeTest.java:66)
at com.mohs10.scripts.HomeTest$JyotsnaConsultantScripts.Consultant(HomeTest.java:66)
at com.mohs10.scripts.HomeTest$JyotsnaConsultantScripts.Consultant(HomeTest.java:66)
at com.mohs10.scripts.HomeTest$JyotsnaConsultantScripts.Consultant(HomeTest.java:66)
at com.mohs10.scripts.HomeTest$JyotsnaConsultantScripts.Consultant(HomeTest.java:66)
at com.mohs10.scripts.HomeTest$JyotsnaConsultantScripts.Consultant(HomeTest.java:66)
at com.mohs10.scripts.HomeTest$JyotsnaConsultantScripts.Consultant(HomeTest.java:66)
at com.mohs10.scripts.HomeTest$JyotsnaConsultantScripts.Consultant(HomeTest.java:66)
at com.mohs10.scripts.HomeTest$JyotsnaConsultantScripts.Consultant(HomeTest.java:66)
at com.mohs10.scripts.HomeTest$JyotsnaConsultantScripts.Consultant(HomeTest.java:66)
at com.mohs10.scripts.HomeTest$JyotsnaConsultantScripts.Consultant(HomeTest.java:66)
at com.mohs10.scripts.HomeTest$JyotsnaConsultantScripts.Consultant(HomeTest.java:66)
at com.mohs10.scripts.HomeTest$JyotsnaConsultantScripts.Consultant(HomeTest.java:66)
at com.mohs10.scripts.HomeTest$JyotsnaConsultantScripts.Consultant(HomeTest.java:66)
at com.mohs10.scripts.HomeTest$JyotsnaConsultantScripts.Consultant(HomeTest.java:66)
at com.mohs10.scripts.HomeTest$JyotsnaConsultantScripts.Consultant(HomeTest.java:66)
at com.mohs10.scripts.HomeTest$JyotsnaConsultantScripts.Consultant(HomeTest.java:66)
at com.mohs10.scripts.HomeTest$JyotsnaConsultantScripts.Consultant(HomeTest.java:66)
at com.mohs10.scripts.HomeTest$JyotsnaConsultantScripts.Consultant(HomeTest.java:66)
at com.mohs10.scripts.HomeTest$JyotsnaConsultantScripts.Consultant(HomeTest.java:66)
at com.mohs10.scripts.HomeTest$JyotsnaConsultantScripts.Consultant(HomeTest.java:66)
at com.mohs10.scripts.HomeTest$JyotsnaConsultantScripts.Consultant(HomeTest.java:66)
at com.mohs10.scripts.HomeTest$JyotsnaConsultantScripts.Consultant(HomeTest.java:66)
at com.mohs10.scripts.HomeTest$JyotsnaConsultantScripts.Consultant(HomeTest.java:66)
at com.mohs10.scripts.HomeTest$JyotsnaConsultantScripts.Consultant(HomeTest.java:66)
at com.mohs10.scripts.HomeTest$JyotsnaConsultantScripts.Consultant(HomeTest.java:66)
at com.mohs10.scripts.HomeTest$JyotsnaConsultantScripts.Consultant(HomeTest.java:66)
at com.mohs10.scripts.HomeTest$JyotsnaConsultantScripts.Consultant(HomeTest.java:66)
at com.mohs10.scripts.HomeTest$JyotsnaConsultantScripts.Consultant(HomeTest.java:66)
at com.mohs10.scripts.HomeTest$JyotsnaConsultantScripts.Consultant(HomeTest.java:66)
at com.mohs10.scripts.HomeTest$JyotsnaConsultantScripts.Consultant(HomeTest.java:66)
at com.mohs10.scripts.HomeTest$JyotsnaConsultantScripts.Consultant(HomeTest.java:66)
at com.mohs10.scripts.HomeTest$JyotsnaConsultantScripts.Consultant(HomeTest.java:66)
at com.mohs10.scripts.HomeTest$JyotsnaConsultantScripts.Consultant(HomeTest.java:66)
at com.mohs10.scripts.HomeTest$JyotsnaConsultantScripts.Consultant(HomeTest.java:66)
at com.mohs10.scripts.HomeTest$JyotsnaConsultantScripts.Consultant(HomeTest.java:66)
at com.mohs10.scripts.HomeTest$JyotsnaConsultantScripts.Consultant(HomeTest.java:66)
at com.mohs10.scripts.HomeTest$JyotsnaConsultantScripts.Consultant(HomeTest.java:66)
at com.mohs10.scripts.HomeTest$JyotsnaConsultantScripts.Consultant(HomeTest.java:66)
at com.mohs10.scripts.HomeTest$JyotsnaConsultantScripts.Consultant(HomeTest.java:66)
at com.mohs10.scripts.HomeTest$JyotsnaConsultantScripts.Consultant(HomeTest.java:66)
at com.mohs10.scripts.HomeTest$JyotsnaConsultantScripts.Consultant(HomeTest.java:66)
at com.mohs10.scripts.HomeTest$JyotsnaConsultantScripts.Consultant(HomeTest.java:66)
at com.mohs10.scripts.HomeTest$JyotsnaConsultantScripts.Consultant(HomeTest.java:66)
at com.mohs10.scripts.HomeTest$JyotsnaConsultantScripts.Consultant(HomeTest.java:66)
at com.mohs10.scripts.HomeTest$JyotsnaConsultantScripts.Consultant(HomeTest.java:66)
at com.mohs10.scripts.HomeTest$JyotsnaConsultantScripts.Consultant(HomeTest.java:66)
at com.mohs10.scripts.HomeTest$JyotsnaConsultantScripts.Consultant(HomeTest.java:66)
at com.mohs10.scripts.HomeTest$JyotsnaConsultantScripts.Consultant(HomeTest.java:66)
at com.mohs10.scripts.HomeTest$JyotsnaConsultantScripts.Consultant(HomeTest.java:66)
at com.mohs10.scripts.HomeTest$JyotsnaConsultantScripts.Consultant(HomeTest.java:66)
at com.mohs10.scripts.HomeTest$JyotsnaConsultantScripts.Consultant(HomeTest.java:66)
at com.mohs10.scripts.HomeTest$JyotsnaConsultantScripts.Consultant(HomeTest.java:66)
at com.mohs10.scripts.HomeTest$JyotsnaConsultantScripts.Consultant(HomeTest.java:66)
at com.mohs10.scripts.HomeTest$JyotsnaConsultantScripts.Consultant(HomeTest.java:66)
at com.mohs10.scripts.HomeTest$JyotsnaConsultantScripts.Consultant(HomeTest.java:66)
at com.mohs10.scripts.HomeTest$JyotsnaConsultantScripts.Consultant(HomeTest.java:66)
at com.mohs10.scripts.HomeTest$JyotsnaConsultantScripts.Consultant(HomeTest.java:66)
at com.mohs10.scripts.HomeTest$JyotsnaConsultantScripts.Consultant(HomeTest.java:66)
at com.mohs10.scripts.HomeTest$JyotsnaConsultantScripts.Consultant(HomeTest.java:66)
at com.mohs10.scripts.HomeTest$JyotsnaConsultantScripts.Consultant(HomeTest.java:66)
at com.mohs10.scripts.HomeTest$JyotsnaConsultantScripts.Consultant(HomeTest.java:66)
at com.mohs10.scripts.HomeTest$JyotsnaConsultantScripts.Consultant(HomeTest.java:66)
at com.mohs10.scripts.HomeTest$JyotsnaConsultantScripts.Consultant(HomeTest.java:66)
at com.mohs10.scripts.HomeTest$JyotsnaConsultantScripts.Consultant(HomeTest.java:66)
at com.mohs10.scripts.HomeTest$JyotsnaConsultantScripts.Consultant(HomeTest.java:66)
at com.mohs10.scripts.HomeTest$JyotsnaConsultantScripts.Consultant(HomeTest.java:66)
at com.mohs10.scripts.HomeTest$JyotsnaConsultantScripts.Consultant(HomeTest.java:66)
at com.mohs10.scripts.HomeTest$JyotsnaConsultantScripts.Consultant(HomeTest.java:66)
at com.mohs10.scripts.HomeTest$JyotsnaConsultantScripts.Consultant(HomeTest.java:66)
at com.mohs10.scripts.HomeTest$JyotsnaConsultantScripts.Consultant(HomeTest.java:66)
at com.mohs10.scripts.HomeTest$JyotsnaConsultantScripts.Consultant(HomeTest.java:66)
at com.mohs10.scripts.HomeTest$JyotsnaConsultantScripts.Consultant(HomeTest.java:66)
at com.mohs10.scripts.HomeTest$JyotsnaConsultantScripts.Consultant(HomeTest.java:66)
at com.mohs10.scripts.HomeTest$JyotsnaConsultantScripts.Consultant(HomeTest.java:66)
at com.mohs10.scripts.HomeTest$JyotsnaConsultantScripts.Consultant(HomeTest.java:66)
at com.mohs10.scripts.HomeTest$JyotsnaConsultantScripts.Consultant(HomeTest.java:66)
at com.mohs10.scripts.HomeTest$JyotsnaConsultantScripts.Consultant(HomeTest.java:66)
at com.mohs10.scripts.HomeTest$JyotsnaConsultantScripts.Consultant(HomeTest.java:66)
at com.mohs10.scripts.HomeTest$JyotsnaConsultantScripts.Consultant(HomeTest.java:66)
at com.mohs10.scripts.HomeTest$JyotsnaConsultantScripts.Consultant(HomeTest.java:66)
at com.mohs10.scripts.HomeTest$JyotsnaConsultantScripts.Consultant(HomeTest.java:66)
at com.mohs10.scripts.HomeTest$JyotsnaConsultantScripts.Consultant(HomeTest.java:66)
at com.mohs10.scripts.HomeTest$JyotsnaConsultantScripts.Consultant(HomeTest.java:66)
at com.mohs10.scripts.HomeTest$JyotsnaConsultantScripts.Consultant(HomeTest.java:66)
at com.mohs10.scripts.HomeTest$JyotsnaConsultantScripts.Consultant(HomeTest.java:66)
at com.mohs10.scripts.HomeTest$JyotsnaConsultantScripts.Consultant(HomeTest.java:66)
at com.mohs10.scripts.HomeTest$JyotsnaConsultantScripts.Consultant(HomeTest.java:66)
at com.mohs10.scripts.HomeTest$JyotsnaConsultantScripts.Consultant(HomeTest.java:66)
at com.mohs10.scripts.HomeTest$JyotsnaConsultantScripts.Consultant(HomeTest.java:66)
at com.mohs10.scripts.HomeTest$JyotsnaConsultantScripts.Consultant(HomeTest.java:66)
at com.mohs10.scripts.HomeTest$JyotsnaConsultantScripts.Consultant(HomeTest.java:66)
at com.mohs10.scripts.HomeTest$JyotsnaConsultantScripts.Consultant(HomeTest.java:66)
at com.mohs10.scripts.HomeTest$JyotsnaConsultantScripts.Consultant(HomeTest.java:66)
at com.mohs10.scripts.HomeTest$JyotsnaConsultantScripts.Consultant(HomeTest.java:66)
at com.mohs10.scripts.HomeTest$JyotsnaConsultantScripts.Consultant(HomeTest.java:66)
at com.mohs10.scripts.HomeTest$JyotsnaConsultantScripts.Consultant(HomeTest.java:66)
at com.mohs10.scripts.HomeTest$JyotsnaConsultantScripts.Consultant(HomeTest.java:66)
at com.mohs10.scripts.HomeTest$JyotsnaConsultantScripts.Consultant(HomeTest.java:66)
at com.mohs10.scripts.HomeTest$JyotsnaConsultantScripts.Consultant(HomeTest.java:66)
at com.mohs10.scripts.HomeTest$JyotsnaConsultantScripts.Consultant(HomeTest.java:66)
at com.mohs10.scripts.HomeTest$JyotsnaConsultantScripts.Consultant(HomeTest.java:66)
at com.mohs10.scripts.HomeTest$JyotsnaConsultantScripts.Consultant(HomeTest.java:66)
at com.mohs10.scripts.HomeTest$JyotsnaConsultantScripts.Consultant(HomeTest.java:66)
at com.mohs10.scripts.HomeTest$JyotsnaConsultantScripts.Consultant(HomeTest.java:66)
at com.mohs10.scripts.HomeTest$JyotsnaConsultantScripts.Consultant(HomeTest.java:66)
at com.mohs10.scripts.HomeTest$JyotsnaConsultantScripts.Consultant(HomeTest.java:66)
at com.mohs10.scripts.HomeTest$JyotsnaConsultantScripts.Consultant(HomeTest.java:66)
at com.mohs10.scripts.HomeTest$JyotsnaConsultantScripts.Consultant(HomeTest.java:66)
at com.mohs10.scripts.HomeTest$JyotsnaConsultantScripts.Consultant(HomeTest.java:66)
at com.mohs10.scripts.HomeTest$JyotsnaConsultantScripts.Consultant(HomeTest.java:66)
at com.mohs10.scripts.HomeTest$JyotsnaConsultantScripts.Consultant(HomeTest.java:66)
at com.mohs10.scripts.HomeTest$JyotsnaConsultantScripts.Consultant(HomeTest.java:66)
at com.mohs10.scripts.HomeTest$JyotsnaConsultantScripts.Consultant(HomeTest.java:66)
at com.mohs10.scripts.HomeTest$JyotsnaConsultantScripts.Consultant(HomeTest.java:66)
at com.mohs10.scripts.HomeTest$JyotsnaConsultantScripts.Consultant(HomeTest.java:66)
at com.mohs10.scripts.HomeTest$JyotsnaConsultantScripts.Consultant(HomeTest.java:66)
at com.mohs10.scripts.HomeTest$JyotsnaConsultantScripts.Consultant(HomeTest.java:66)
at com.mohs10.scripts.HomeTest$JyotsnaConsultantScripts.Consultant(HomeTest.java:66)
at com.mohs10.scripts.HomeTest$JyotsnaConsultantScripts.Consultant(HomeTest.java:66)
at com.mohs10.scripts.HomeTest$JyotsnaConsultantScripts.Consultant(HomeTest.java:66)
at com.mohs10.scripts.HomeTest$JyotsnaConsultantScripts.Consultant(HomeTest.java:66)
at com.mohs10.scripts.HomeTest$JyotsnaConsultantScripts.Consultant(HomeTest.java:66)
at com.mohs10.scripts.HomeTest$JyotsnaConsultantScripts.Consultant(HomeTest.java:66)
at com.mohs10.scripts.HomeTest$JyotsnaConsultantScripts.Consultant(HomeTest.java:66)
at com.mohs10.scripts.HomeTest$JyotsnaConsultantScripts.Consultant(HomeTest.java:66)
at com.mohs10.scripts.HomeTest$JyotsnaConsultantScripts.Consultant(HomeTest.java:66)
at com.mohs10.scripts.HomeTest$JyotsnaConsultantScripts.Consultant(HomeTest.java:66)
at com.mohs10.scripts.HomeTest$JyotsnaConsultantScripts.Consultant(HomeTest.java:66)
at com.mohs10.scripts.HomeTest$JyotsnaConsultantScripts.Consultant(HomeTest.java:66)
at com.mohs10.scripts.HomeTest$JyotsnaConsultantScripts.Consultant(HomeTest.java:66)
at com.mohs10.scripts.HomeTest$JyotsnaConsultantScripts.Consultant(HomeTest.java:66)
at com.mohs10.scripts.HomeTest$JyotsnaConsultantScripts.Consultant(HomeTest.java:66)
at com.mohs10.scripts.HomeTest$JyotsnaConsultantScripts.Consultant(HomeTest.java:66)
at com.mohs10.scripts.HomeTest$JyotsnaConsultantScripts.Consultant(HomeTest.java:66)
at com.mohs10.scripts.HomeTest$JyotsnaConsultantScripts.Consultant(HomeTest.java:66)
at com.mohs10.scripts.HomeTest$JyotsnaConsultantScripts.Consultant(HomeTest.java:66)
at com.mohs10.scripts.HomeTest$JyotsnaConsultantScripts.Consultant(HomeTest.java:66)
at com.mohs10.scripts.HomeTest$JyotsnaConsultantScripts.Consultant(HomeTest.java:66)
at com.mohs10.scripts.HomeTest$JyotsnaConsultantScripts.Consultant(HomeTest.java:66)
at com.mohs10.scripts.HomeTest$JyotsnaConsultantScripts.Consultant(HomeTest.java:66)
at com.mohs10.scripts.HomeTest$JyotsnaConsultantScripts.Consultant(HomeTest.java:66)
at com.mohs10.scripts.HomeTest$JyotsnaConsultantScripts.Consultant(HomeTest.java:66)
at com.mohs10.scripts.HomeTest$JyotsnaConsultantScripts.Consultant(HomeTest.java:66)
at com.mohs10.scripts.HomeTest$JyotsnaConsultantScripts.Consultant(HomeTest.java:66)
at com.mohs10.scripts.HomeTest$JyotsnaConsultantScripts.Consultant(HomeTest.java:66)
at com.mohs10.scripts.HomeTest$JyotsnaConsultantScripts.Consultant(HomeTest.java:66)
at com.mohs10.scripts.HomeTest$JyotsnaConsultantScripts.Consultant(HomeTest.java:66)
at com.mohs10.scripts.HomeTest$JyotsnaConsultantScripts.Consultant(HomeTest.java:66)
at com.mohs10.scripts.HomeTest$JyotsnaConsultantScripts.Consultant(HomeTest.java:66)
at com.mohs10.scripts.HomeTest$JyotsnaConsultantScripts.Consultant(HomeTest.java:66)
at com.mohs10.scripts.HomeTest$JyotsnaConsultantScripts.Consultant(HomeTest.java:66)
at com.mohs10.scripts.HomeTest$JyotsnaConsultantScripts.Consultant(HomeTest.java:66)
at com.mohs10.scripts.HomeTest$JyotsnaConsultantScripts.Consultant(HomeTest.java:66)
at com.mohs10.scripts.HomeTest$JyotsnaConsultantScripts.Consultant(HomeTest.java:66)
]]>
    </error>
  </testcase> <!-- Consultant -->
  <system-out/>
</testsuite> <!-- com.mohs10.scripts.HomeTest$JyotsnaConsultantScripts -->
