<?xml version="1.0" encoding="UTF-8"?>
<!-- Generated by org.testng.reporters.JUnitReportReporter -->
<testsuite hostname="DESKTOP-OTGNRE8" failures="0" tests="1" name="com.mohs10.Report.PDFReportTest" time="3.160" errors="0" timestamp="2023-05-31T17:20:59 IST" skipped="0">
  <testcase classname="com.mohs10.Report.PDFReportTest" name="PDFreports" time="3.160"/>
  <system-out/>
</testsuite> <!-- com.mohs10.Report.PDFReportTest -->
